#! /usr/bin/vvp
:ivl_version "12.0 (stable)";
:ivl_delay_selection "TYPICAL";
:vpi_time_precision - 12;
:vpi_module "/usr/lib/x86_64-linux-gnu/ivl/system.vpi";
:vpi_module "/usr/lib/x86_64-linux-gnu/ivl/vhdl_sys.vpi";
:vpi_module "/usr/lib/x86_64-linux-gnu/ivl/vhdl_textio.vpi";
:vpi_module "/usr/lib/x86_64-linux-gnu/ivl/v2005_math.vpi";
:vpi_module "/usr/lib/x86_64-linux-gnu/ivl/va_math.vpi";
S_0x6046bf06cd60 .scope module, "tb_pipelined_riscv" "tb_pipelined_riscv" 2 9;
 .timescale -9 -12;
v0x6046bf11ede0 .array "DMEM", 4095 0, 7 0;
v0x6046bf11eec0 .array "IMEM", 4095 0, 7 0;
L_0x7866e4186018 .functor BUFT 1, C4<1>, C4<0>, C4<0>, C4<0>;
v0x6046bf11ef80_0 .net "VDD", 0 0, L_0x7866e4186018;  1 drivers
L_0x7866e4186060 .functor BUFT 1, C4<0>, C4<0>, C4<0>, C4<0>;
v0x6046bf11f020_0 .net "VSS", 0 0, L_0x7866e4186060;  1 drivers
v0x6046bf11f0e0_0 .net *"_ivl_10", 7 0, L_0x6046bf130d20;  1 drivers
L_0x7866e41860f0 .functor BUFT 1, C4<00000000000000000000000000000010>, C4<0>, C4<0>, C4<0>;
v0x6046bf11f1c0_0 .net/2u *"_ivl_12", 31 0, L_0x7866e41860f0;  1 drivers
v0x6046bf11f2a0_0 .net *"_ivl_14", 31 0, L_0x6046bf130dc0;  1 drivers
v0x6046bf11f380_0 .net *"_ivl_16", 7 0, L_0x6046bf130f30;  1 drivers
L_0x7866e4186138 .functor BUFT 1, C4<00000000000000000000000000000001>, C4<0>, C4<0>, C4<0>;
v0x6046bf11f460_0 .net/2u *"_ivl_18", 31 0, L_0x7866e4186138;  1 drivers
v0x6046bf11f540_0 .net *"_ivl_20", 31 0, L_0x6046bf131050;  1 drivers
v0x6046bf11f620_0 .net *"_ivl_22", 7 0, L_0x6046bf131180;  1 drivers
v0x6046bf11f700_0 .net *"_ivl_26", 7 0, L_0x6046bf1314a0;  1 drivers
L_0x7866e4186180 .functor BUFT 1, C4<00000000000000000000000000000011>, C4<0>, C4<0>, C4<0>;
v0x6046bf11f7e0_0 .net/2u *"_ivl_28", 31 0, L_0x7866e4186180;  1 drivers
v0x6046bf11f8c0_0 .net *"_ivl_30", 31 0, L_0x6046bf131540;  1 drivers
v0x6046bf11f9a0_0 .net *"_ivl_32", 7 0, L_0x6046bf131730;  1 drivers
L_0x7866e41861c8 .functor BUFT 1, C4<00000000000000000000000000000010>, C4<0>, C4<0>, C4<0>;
v0x6046bf11fa80_0 .net/2u *"_ivl_34", 31 0, L_0x7866e41861c8;  1 drivers
v0x6046bf11fb60_0 .net *"_ivl_36", 31 0, L_0x6046bf1317d0;  1 drivers
v0x6046bf11fc40_0 .net *"_ivl_38", 7 0, L_0x6046bf131930;  1 drivers
v0x6046bf11fd20_0 .net *"_ivl_4", 7 0, L_0x6046bf120a40;  1 drivers
L_0x7866e4186210 .functor BUFT 1, C4<00000000000000000000000000000001>, C4<0>, C4<0>, C4<0>;
v0x6046bf11fe00_0 .net/2u *"_ivl_40", 31 0, L_0x7866e4186210;  1 drivers
v0x6046bf11fee0_0 .net *"_ivl_42", 31 0, L_0x6046bf1319d0;  1 drivers
v0x6046bf11ffc0_0 .net *"_ivl_44", 7 0, L_0x6046bf131bd0;  1 drivers
L_0x7866e41860a8 .functor BUFT 1, C4<00000000000000000000000000000011>, C4<0>, C4<0>, C4<0>;
v0x6046bf1200a0_0 .net/2u *"_ivl_6", 31 0, L_0x7866e41860a8;  1 drivers
v0x6046bf120180_0 .net *"_ivl_8", 31 0, L_0x6046bf130be0;  1 drivers
v0x6046bf120260_0 .var "clk", 0 0;
v0x6046bf120300 .array "correct", 4095 0, 31 0;
v0x6046bf1203a0_0 .net "data_addr", 31 0, v0x6046bf11b6a0_0;  1 drivers
v0x6046bf120460_0 .net "data_wr", 0 0, v0x6046bf11ba20_0;  1 drivers
v0x6046bf120500_0 .var/i "i", 31 0;
v0x6046bf1205a0_0 .net "inst", 31 0, L_0x6046bf131220;  1 drivers
v0x6046bf120660_0 .net "inst_addr", 31 0, L_0x6046bf1318c0;  1 drivers
v0x6046bf120700_0 .var "nrst", 0 0;
v0x6046bf1207a0_0 .net "proc_data_in", 31 0, L_0x6046bf131c70;  1 drivers
v0x6046bf120840_0 .net "proc_data_mask", 3 0, v0x6046bf11b860_0;  1 drivers
v0x6046bf120910_0 .net "proc_data_out", 31 0, v0x6046bf11b940_0;  1 drivers
E_0x6046bf0899d0 .event posedge, v0x6046bf11b5e0_0;
L_0x6046bf120a40 .array/port v0x6046bf11eec0, L_0x6046bf130be0;
L_0x6046bf130be0 .arith/sum 32, L_0x6046bf1318c0, L_0x7866e41860a8;
L_0x6046bf130d20 .array/port v0x6046bf11eec0, L_0x6046bf130dc0;
L_0x6046bf130dc0 .arith/sum 32, L_0x6046bf1318c0, L_0x7866e41860f0;
L_0x6046bf130f30 .array/port v0x6046bf11eec0, L_0x6046bf131050;
L_0x6046bf131050 .arith/sum 32, L_0x6046bf1318c0, L_0x7866e4186138;
L_0x6046bf131180 .array/port v0x6046bf11eec0, L_0x6046bf1318c0;
L_0x6046bf131220 .concat [ 8 8 8 8], L_0x6046bf131180, L_0x6046bf130f30, L_0x6046bf130d20, L_0x6046bf120a40;
L_0x6046bf1314a0 .array/port v0x6046bf11ede0, L_0x6046bf131540;
L_0x6046bf131540 .arith/sum 32, v0x6046bf11b6a0_0, L_0x7866e4186180;
L_0x6046bf131730 .array/port v0x6046bf11ede0, L_0x6046bf1317d0;
L_0x6046bf1317d0 .arith/sum 32, v0x6046bf11b6a0_0, L_0x7866e41861c8;
L_0x6046bf131930 .array/port v0x6046bf11ede0, L_0x6046bf1319d0;
L_0x6046bf1319d0 .arith/sum 32, v0x6046bf11b6a0_0, L_0x7866e4186210;
L_0x6046bf131bd0 .array/port v0x6046bf11ede0, v0x6046bf11b6a0_0;
L_0x6046bf131c70 .concat [ 8 8 8 8], L_0x6046bf131bd0, L_0x6046bf131930, L_0x6046bf131730, L_0x6046bf1314a0;
S_0x6046bf0d5770 .scope module, "UUT" "pipelined_riscv_hazard" 2 72, 3 3 0, S_0x6046bf06cd60;
 .timescale -9 -12;
    .port_info 0 /INPUT 1 "clk";
    .port_info 1 /OUTPUT 1 "data_wr";
    .port_info 2 /INPUT 1 "nrst";
    .port_info 3 /OUTPUT 32 "data_addr";
    .port_info 4 /INPUT 32 "data_in";
    .port_info 5 /OUTPUT 4 "data_mask";
    .port_info 6 /OUTPUT 32 "data_out";
    .port_info 7 /INPUT 32 "inst";
    .port_info 8 /OUTPUT 32 "inst_addr";
    .port_info 9 /OUTPUT 32 "pc_IF";
    .port_info 10 /OUTPUT 32 "pc_ID";
    .port_info 11 /OUTPUT 32 "pc_EXE";
    .port_info 12 /OUTPUT 32 "pc_MEM";
    .port_info 13 /OUTPUT 32 "pc_WB";
L_0x6046bf1318c0 .functor BUFZ 32, v0x6046bf11d140_0, C4<00000000000000000000000000000000>, C4<00000000000000000000000000000000>, C4<00000000000000000000000000000000>;
L_0x6046bf0d6a50 .functor BUFZ 32, v0x6046bf11d140_0, C4<00000000000000000000000000000000>, C4<00000000000000000000000000000000>, C4<00000000000000000000000000000000>;
L_0x6046bf0db1d0 .functor OR 1, L_0x6046bf1325c0, L_0x6046bf1326e0, C4<0>, C4<0>;
L_0x6046bf1329a0 .functor OR 1, L_0x6046bf0db1d0, L_0x6046bf132870, C4<0>, C4<0>;
L_0x6046bf132b80 .functor OR 1, L_0x6046bf1329a0, L_0x6046bf132a90, C4<0>, C4<0>;
L_0x6046bf132df0 .functor OR 1, L_0x6046bf132b80, L_0x6046bf132c90, C4<0>, C4<0>;
L_0x6046bf132ff0 .functor OR 1, L_0x6046bf132df0, L_0x6046bf132f00, C4<0>, C4<0>;
L_0x6046bf132d80 .functor OR 1, L_0x6046bf132ff0, L_0x6046bf133100, C4<0>, C4<0>;
L_0x6046bf135bf0 .functor BUFZ 32, v0x6046bf117fb0_0, C4<00000000000000000000000000000000>, C4<00000000000000000000000000000000>, C4<00000000000000000000000000000000>;
L_0x6046bf136290 .functor AND 1, L_0x6046bf135c60, L_0x6046bf135fc0, C4<1>, C4<1>;
L_0x6046bf1366f0 .functor OR 1, L_0x6046bf1363a0, L_0x6046bf136490, C4<0>, C4<0>;
L_0x6046bf136800 .functor AND 1, L_0x6046bf136290, L_0x6046bf1366f0, C4<1>, C4<1>;
L_0x6046bf136980 .functor BUFZ 32, v0x6046bf11c0e0_0, C4<00000000000000000000000000000000>, C4<00000000000000000000000000000000>, C4<00000000000000000000000000000000>;
L_0x6046bf1369f0 .functor BUFZ 32, v0x6046bf11c1c0_0, C4<00000000000000000000000000000000>, C4<00000000000000000000000000000000>, C4<00000000000000000000000000000000>;
L_0x6046bf136910 .functor BUFZ 32, v0x6046bf117df0_0, C4<00000000000000000000000000000000>, C4<00000000000000000000000000000000>, C4<00000000000000000000000000000000>;
L_0x6046bf136a60 .functor BUFZ 32, v0x6046bf117cc0_0, C4<00000000000000000000000000000000>, C4<00000000000000000000000000000000>, C4<00000000000000000000000000000000>;
L_0x6046bf136bc0 .functor BUFZ 32, v0x6046bf117ed0_0, C4<00000000000000000000000000000000>, C4<00000000000000000000000000000000>, C4<00000000000000000000000000000000>;
v0x6046bf0d6b70_0 .var "ALU_MEM_WB", 31 0;
v0x6046bf0d6c70_0 .var "IMEM_RF", 31 0;
v0x6046bf0db2f0_0 .var "IMM_REG", 31 0;
v0x6046bf0db390_0 .var "PC_ALU_DMEM", 31 0;
v0x6046bf117cc0_0 .var "PC_EXE_MEM", 31 0;
v0x6046bf117df0_0 .var "PC_ID_EXE", 31 0;
v0x6046bf117ed0_0 .var "PC_MEM_WB", 31 0;
v0x6046bf117fb0_0 .var "PC_PC_ID_EXE", 31 0;
v0x6046bf118090_0 .var "REG_RD1", 31 0;
v0x6046bf118170_0 .var "REG_RD2_1", 31 0;
v0x6046bf118250_0 .var "REG_RD2_2", 31 0;
v0x6046bf118330_0 .var "SHIFTED_MEM", 31 0;
v0x6046bf118410_0 .net *"_ivl_100", 10 0, L_0x6046bf1352f0;  1 drivers
v0x6046bf1184f0_0 .net *"_ivl_103", 0 0, L_0x6046bf135570;  1 drivers
v0x6046bf1185d0_0 .net *"_ivl_105", 7 0, L_0x6046bf135610;  1 drivers
v0x6046bf1186b0_0 .net *"_ivl_107", 0 0, L_0x6046bf135450;  1 drivers
v0x6046bf118790_0 .net *"_ivl_109", 9 0, L_0x6046bf1357e0;  1 drivers
L_0x7866e41864e0 .functor BUFT 1, C4<0>, C4<0>, C4<0>, C4<0>;
v0x6046bf118870_0 .net/2u *"_ivl_110", 0 0, L_0x7866e41864e0;  1 drivers
L_0x7866e4186528 .functor BUFT 1, C4<0000011>, C4<0>, C4<0>, C4<0>;
v0x6046bf118950_0 .net/2u *"_ivl_116", 6 0, L_0x7866e4186528;  1 drivers
v0x6046bf118a30_0 .net *"_ivl_118", 0 0, L_0x6046bf135c60;  1 drivers
v0x6046bf118af0_0 .net *"_ivl_120", 31 0, L_0x6046bf135ea0;  1 drivers
L_0x7866e4186570 .functor BUFT 1, C4<000000000000000000000000000>, C4<0>, C4<0>, C4<0>;
v0x6046bf118bd0_0 .net *"_ivl_123", 26 0, L_0x7866e4186570;  1 drivers
L_0x7866e41865b8 .functor BUFT 1, C4<00000000000000000000000000000000>, C4<0>, C4<0>, C4<0>;
v0x6046bf118cb0_0 .net/2u *"_ivl_124", 31 0, L_0x7866e41865b8;  1 drivers
v0x6046bf118d90_0 .net *"_ivl_126", 0 0, L_0x6046bf135fc0;  1 drivers
v0x6046bf118e50_0 .net *"_ivl_129", 0 0, L_0x6046bf136290;  1 drivers
v0x6046bf118f10_0 .net *"_ivl_130", 0 0, L_0x6046bf1363a0;  1 drivers
v0x6046bf118fd0_0 .net *"_ivl_132", 0 0, L_0x6046bf136490;  1 drivers
v0x6046bf119090_0 .net *"_ivl_135", 0 0, L_0x6046bf1366f0;  1 drivers
L_0x7866e4186258 .functor BUFT 1, C4<0110011>, C4<0>, C4<0>, C4<0>;
v0x6046bf119150_0 .net/2u *"_ivl_18", 6 0, L_0x7866e4186258;  1 drivers
v0x6046bf119230_0 .net *"_ivl_20", 0 0, L_0x6046bf1325c0;  1 drivers
L_0x7866e41862a0 .functor BUFT 1, C4<0010011>, C4<0>, C4<0>, C4<0>;
v0x6046bf1192f0_0 .net/2u *"_ivl_22", 6 0, L_0x7866e41862a0;  1 drivers
v0x6046bf1193d0_0 .net *"_ivl_24", 0 0, L_0x6046bf1326e0;  1 drivers
v0x6046bf119490_0 .net *"_ivl_27", 0 0, L_0x6046bf0db1d0;  1 drivers
L_0x7866e41862e8 .functor BUFT 1, C4<0000011>, C4<0>, C4<0>, C4<0>;
v0x6046bf119550_0 .net/2u *"_ivl_28", 6 0, L_0x7866e41862e8;  1 drivers
v0x6046bf119630_0 .net *"_ivl_30", 0 0, L_0x6046bf132870;  1 drivers
v0x6046bf1196f0_0 .net *"_ivl_33", 0 0, L_0x6046bf1329a0;  1 drivers
L_0x7866e4186330 .functor BUFT 1, C4<0110111>, C4<0>, C4<0>, C4<0>;
v0x6046bf1197b0_0 .net/2u *"_ivl_34", 6 0, L_0x7866e4186330;  1 drivers
v0x6046bf119890_0 .net *"_ivl_36", 0 0, L_0x6046bf132a90;  1 drivers
v0x6046bf119950_0 .net *"_ivl_39", 0 0, L_0x6046bf132b80;  1 drivers
L_0x7866e4186378 .functor BUFT 1, C4<0010111>, C4<0>, C4<0>, C4<0>;
v0x6046bf119a10_0 .net/2u *"_ivl_40", 6 0, L_0x7866e4186378;  1 drivers
v0x6046bf119af0_0 .net *"_ivl_42", 0 0, L_0x6046bf132c90;  1 drivers
v0x6046bf119bb0_0 .net *"_ivl_45", 0 0, L_0x6046bf132df0;  1 drivers
L_0x7866e41863c0 .functor BUFT 1, C4<1101111>, C4<0>, C4<0>, C4<0>;
v0x6046bf119c70_0 .net/2u *"_ivl_46", 6 0, L_0x7866e41863c0;  1 drivers
v0x6046bf119d50_0 .net *"_ivl_48", 0 0, L_0x6046bf132f00;  1 drivers
v0x6046bf119e10_0 .net *"_ivl_51", 0 0, L_0x6046bf132ff0;  1 drivers
L_0x7866e4186408 .functor BUFT 1, C4<1100111>, C4<0>, C4<0>, C4<0>;
v0x6046bf119ed0_0 .net/2u *"_ivl_52", 6 0, L_0x7866e4186408;  1 drivers
v0x6046bf119fb0_0 .net *"_ivl_54", 0 0, L_0x6046bf133100;  1 drivers
v0x6046bf11a070_0 .net *"_ivl_59", 0 0, L_0x6046bf133360;  1 drivers
v0x6046bf11a150_0 .net *"_ivl_60", 19 0, L_0x6046bf133400;  1 drivers
v0x6046bf11a230_0 .net *"_ivl_63", 11 0, L_0x6046bf133740;  1 drivers
v0x6046bf11a310_0 .net *"_ivl_67", 0 0, L_0x6046bf133970;  1 drivers
v0x6046bf11a3f0_0 .net *"_ivl_68", 19 0, L_0x6046bf133a10;  1 drivers
v0x6046bf11a4d0_0 .net *"_ivl_71", 6 0, L_0x6046bf1338d0;  1 drivers
v0x6046bf11a5b0_0 .net *"_ivl_73", 4 0, L_0x6046bf133d70;  1 drivers
v0x6046bf11a690_0 .net *"_ivl_77", 0 0, L_0x6046bf1340a0;  1 drivers
v0x6046bf11a770_0 .net *"_ivl_78", 18 0, L_0x6046bf134210;  1 drivers
v0x6046bf11a850_0 .net *"_ivl_81", 0 0, L_0x6046bf134510;  1 drivers
v0x6046bf11a930_0 .net *"_ivl_83", 0 0, L_0x6046bf134690;  1 drivers
v0x6046bf11aa10_0 .net *"_ivl_85", 5 0, L_0x6046bf134730;  1 drivers
v0x6046bf11aaf0_0 .net *"_ivl_87", 3 0, L_0x6046bf1348f0;  1 drivers
L_0x7866e4186450 .functor BUFT 1, C4<0>, C4<0>, C4<0>, C4<0>;
v0x6046bf11abd0_0 .net/2u *"_ivl_88", 0 0, L_0x7866e4186450;  1 drivers
v0x6046bf11acb0_0 .net *"_ivl_93", 19 0, L_0x6046bf134f60;  1 drivers
L_0x7866e4186498 .functor BUFT 1, C4<000000000000>, C4<0>, C4<0>, C4<0>;
v0x6046bf11ad90_0 .net/2u *"_ivl_94", 11 0, L_0x7866e4186498;  1 drivers
v0x6046bf11ae70_0 .net *"_ivl_99", 0 0, L_0x6046bf135250;  1 drivers
v0x6046bf11af50_0 .var "alu_out", 31 0;
v0x6046bf11b440_0 .var "branch_taken", 0 0;
v0x6046bf11b500_0 .var "byte_offset", 1 0;
v0x6046bf11b5e0_0 .net "clk", 0 0, v0x6046bf120260_0;  1 drivers
v0x6046bf11b6a0_0 .var "data_addr", 31 0;
v0x6046bf11b780_0 .net "data_in", 31 0, L_0x6046bf131c70;  alias, 1 drivers
v0x6046bf11b860_0 .var "data_mask", 3 0;
v0x6046bf11b940_0 .var "data_out", 31 0;
v0x6046bf11ba20_0 .var "data_wr", 0 0;
v0x6046bf11bae0_0 .var "flush", 0 0;
v0x6046bf11bba0_0 .net "funct3", 2 0, L_0x6046bf1321b0;  1 drivers
v0x6046bf11bc80_0 .var "funct3_EXE", 2 0;
v0x6046bf11bd60_0 .var "funct3_ID", 2 0;
v0x6046bf11be40_0 .var "funct3_MEM", 2 0;
v0x6046bf11bf20_0 .net "funct7", 6 0, L_0x6046bf132460;  1 drivers
v0x6046bf11c000_0 .var "funct7_ID", 6 0;
v0x6046bf11c0e0_0 .var "fwd_rs1", 31 0;
v0x6046bf11c1c0_0 .var "fwd_rs2", 31 0;
v0x6046bf11c2a0_0 .var/i "i", 31 0;
v0x6046bf11c380_0 .net "id_writes_reg", 0 0, L_0x6046bf132d80;  1 drivers
v0x6046bf11c440_0 .net "imm_b", 31 0, L_0x6046bf134c00;  1 drivers
v0x6046bf11c520_0 .net "imm_i", 31 0, L_0x6046bf1337e0;  1 drivers
v0x6046bf11c600_0 .net "imm_j", 31 0, L_0x6046bf1359c0;  1 drivers
v0x6046bf11c6e0_0 .net "imm_s", 31 0, L_0x6046bf133f00;  1 drivers
v0x6046bf11c7c0_0 .net "imm_u", 31 0, L_0x6046bf135000;  1 drivers
v0x6046bf11c8a0_0 .net "inst", 31 0, L_0x6046bf131220;  alias, 1 drivers
v0x6046bf11c980_0 .net "inst_addr", 31 0, L_0x6046bf1318c0;  alias, 1 drivers
v0x6046bf11ca60_0 .var "load_addr", 31 0;
v0x6046bf11cb40_0 .var "next_pc", 31 0;
v0x6046bf11cc20_0 .net "nrst", 0 0, v0x6046bf120700_0;  1 drivers
v0x6046bf11cce0_0 .net "opcode", 6 0, L_0x6046bf132020;  1 drivers
v0x6046bf11cdc0_0 .var "opcode_EXE", 6 0;
v0x6046bf11cea0_0 .var "opcode_ID", 6 0;
v0x6046bf11cf80_0 .net "opcode_IF", 6 0, L_0x6046bf131f80;  1 drivers
v0x6046bf11d060_0 .var "opcode_MEM", 6 0;
v0x6046bf11d140_0 .var "pc", 31 0;
v0x6046bf11d220_0 .net "pc_EXE", 31 0, L_0x6046bf136910;  1 drivers
v0x6046bf11d300_0 .net "pc_ID", 31 0, L_0x6046bf135bf0;  1 drivers
v0x6046bf11d3e0_0 .net "pc_IF", 31 0, L_0x6046bf0d6a50;  1 drivers
v0x6046bf11d4c0_0 .net "pc_MEM", 31 0, L_0x6046bf136a60;  1 drivers
v0x6046bf11d5a0_0 .net "pc_WB", 31 0, L_0x6046bf136bc0;  1 drivers
v0x6046bf11d680_0 .net "rd", 4 0, L_0x6046bf1320c0;  1 drivers
v0x6046bf11d760_0 .var "rd_EXE", 4 0;
v0x6046bf11d840_0 .var "rd_ID", 4 0;
v0x6046bf11d920_0 .var "rd_MEM", 4 0;
v0x6046bf11da00_0 .var "rd_WB", 4 0;
v0x6046bf11dae0 .array "reg_file", 0 31, 31 0;
v0x6046bf11dfa0_0 .var "reg_rs1", 31 0;
v0x6046bf11e080_0 .var "reg_rs2", 31 0;
v0x6046bf11e160_0 .net "rs1", 4 0, L_0x6046bf132250;  1 drivers
v0x6046bf11e240_0 .var "rs1_ID", 4 0;
v0x6046bf11e320_0 .net "rs2", 4 0, L_0x6046bf132380;  1 drivers
v0x6046bf11e400_0 .var "rs2_ID", 4 0;
v0x6046bf11e4e0_0 .net/s "s_rs1", 31 0, L_0x6046bf136980;  1 drivers
v0x6046bf11e5c0_0 .net/s "s_rs2", 31 0, L_0x6046bf1369f0;  1 drivers
v0x6046bf11e6a0_0 .var "shifted_data", 31 0;
v0x6046bf11e780_0 .net "stall", 0 0, L_0x6046bf136800;  1 drivers
v0x6046bf11e840_0 .var "wr_data_WB", 31 0;
v0x6046bf11e920_0 .var "wr_en_EXE", 0 0;
v0x6046bf11e9e0_0 .var "wr_en_ID", 0 0;
v0x6046bf11eaa0_0 .var "wr_en_MEM", 0 0;
v0x6046bf11eb60_0 .var "wr_en_WB", 0 0;
E_0x6046bf095440/0 .event negedge, v0x6046bf11cc20_0;
E_0x6046bf095440/1 .event posedge, v0x6046bf11b5e0_0;
E_0x6046bf095440 .event/or E_0x6046bf095440/0, E_0x6046bf095440/1;
E_0x6046bf093d30/0 .event anyedge, v0x6046bf11d920_0, v0x6046bf11d060_0, v0x6046bf0d6b70_0, v0x6046bf11be40_0;
E_0x6046bf093d30/1 .event anyedge, v0x6046bf118330_0;
E_0x6046bf093d30 .event/or E_0x6046bf093d30/0, E_0x6046bf093d30/1;
E_0x6046bf0959a0/0 .event anyedge, v0x6046bf11cdc0_0, v0x6046bf11bc80_0, v0x6046bf0db390_0, v0x6046bf118250_0;
E_0x6046bf0959a0/1 .event anyedge, v0x6046bf11ca60_0, v0x6046bf11b500_0, v0x6046bf11b780_0;
E_0x6046bf0959a0 .event/or E_0x6046bf0959a0/0, E_0x6046bf0959a0/1;
E_0x6046bf06ca80/0 .event anyedge, v0x6046bf11d140_0, v0x6046bf11cea0_0, v0x6046bf11bd60_0, v0x6046bf11c0e0_0;
E_0x6046bf06ca80/1 .event anyedge, v0x6046bf11c1c0_0, v0x6046bf11e4e0_0, v0x6046bf11e5c0_0, v0x6046bf11b440_0;
E_0x6046bf06ca80/2 .event anyedge, v0x6046bf117df0_0, v0x6046bf0db2f0_0;
E_0x6046bf06ca80 .event/or E_0x6046bf06ca80/0, E_0x6046bf06ca80/1, E_0x6046bf06ca80/2;
E_0x6046bf06cf20/0 .event anyedge, v0x6046bf11cea0_0, v0x6046bf11bd60_0, v0x6046bf11c000_0, v0x6046bf11c0e0_0;
E_0x6046bf06cf20/1 .event anyedge, v0x6046bf11c1c0_0, v0x6046bf11e4e0_0, v0x6046bf11e5c0_0, v0x6046bf0db2f0_0;
E_0x6046bf06cf20/2 .event anyedge, v0x6046bf117df0_0;
E_0x6046bf06cf20 .event/or E_0x6046bf06cf20/0, E_0x6046bf06cf20/1, E_0x6046bf06cf20/2;
E_0x6046bf065be0/0 .event anyedge, v0x6046bf11e920_0, v0x6046bf11d760_0, v0x6046bf11e240_0, v0x6046bf0db390_0;
E_0x6046bf065be0/1 .event anyedge, v0x6046bf11eaa0_0, v0x6046bf11d920_0, v0x6046bf11e840_0, v0x6046bf118090_0;
E_0x6046bf065be0/2 .event anyedge, v0x6046bf11e400_0, v0x6046bf118170_0;
E_0x6046bf065be0 .event/or E_0x6046bf065be0/0, E_0x6046bf065be0/1, E_0x6046bf065be0/2;
E_0x6046bf0d5930/0 .event anyedge, v0x6046bf11e160_0, v0x6046bf11eb60_0, v0x6046bf11da00_0, v0x6046bf11e840_0;
v0x6046bf11dae0_0 .array/port v0x6046bf11dae0, 0;
v0x6046bf11dae0_1 .array/port v0x6046bf11dae0, 1;
v0x6046bf11dae0_2 .array/port v0x6046bf11dae0, 2;
v0x6046bf11dae0_3 .array/port v0x6046bf11dae0, 3;
E_0x6046bf0d5930/1 .event anyedge, v0x6046bf11dae0_0, v0x6046bf11dae0_1, v0x6046bf11dae0_2, v0x6046bf11dae0_3;
v0x6046bf11dae0_4 .array/port v0x6046bf11dae0, 4;
v0x6046bf11dae0_5 .array/port v0x6046bf11dae0, 5;
v0x6046bf11dae0_6 .array/port v0x6046bf11dae0, 6;
v0x6046bf11dae0_7 .array/port v0x6046bf11dae0, 7;
E_0x6046bf0d5930/2 .event anyedge, v0x6046bf11dae0_4, v0x6046bf11dae0_5, v0x6046bf11dae0_6, v0x6046bf11dae0_7;
v0x6046bf11dae0_8 .array/port v0x6046bf11dae0, 8;
v0x6046bf11dae0_9 .array/port v0x6046bf11dae0, 9;
v0x6046bf11dae0_10 .array/port v0x6046bf11dae0, 10;
v0x6046bf11dae0_11 .array/port v0x6046bf11dae0, 11;
E_0x6046bf0d5930/3 .event anyedge, v0x6046bf11dae0_8, v0x6046bf11dae0_9, v0x6046bf11dae0_10, v0x6046bf11dae0_11;
v0x6046bf11dae0_12 .array/port v0x6046bf11dae0, 12;
v0x6046bf11dae0_13 .array/port v0x6046bf11dae0, 13;
v0x6046bf11dae0_14 .array/port v0x6046bf11dae0, 14;
v0x6046bf11dae0_15 .array/port v0x6046bf11dae0, 15;
E_0x6046bf0d5930/4 .event anyedge, v0x6046bf11dae0_12, v0x6046bf11dae0_13, v0x6046bf11dae0_14, v0x6046bf11dae0_15;
v0x6046bf11dae0_16 .array/port v0x6046bf11dae0, 16;
v0x6046bf11dae0_17 .array/port v0x6046bf11dae0, 17;
v0x6046bf11dae0_18 .array/port v0x6046bf11dae0, 18;
v0x6046bf11dae0_19 .array/port v0x6046bf11dae0, 19;
E_0x6046bf0d5930/5 .event anyedge, v0x6046bf11dae0_16, v0x6046bf11dae0_17, v0x6046bf11dae0_18, v0x6046bf11dae0_19;
v0x6046bf11dae0_20 .array/port v0x6046bf11dae0, 20;
v0x6046bf11dae0_21 .array/port v0x6046bf11dae0, 21;
v0x6046bf11dae0_22 .array/port v0x6046bf11dae0, 22;
v0x6046bf11dae0_23 .array/port v0x6046bf11dae0, 23;
E_0x6046bf0d5930/6 .event anyedge, v0x6046bf11dae0_20, v0x6046bf11dae0_21, v0x6046bf11dae0_22, v0x6046bf11dae0_23;
v0x6046bf11dae0_24 .array/port v0x6046bf11dae0, 24;
v0x6046bf11dae0_25 .array/port v0x6046bf11dae0, 25;
v0x6046bf11dae0_26 .array/port v0x6046bf11dae0, 26;
v0x6046bf11dae0_27 .array/port v0x6046bf11dae0, 27;
E_0x6046bf0d5930/7 .event anyedge, v0x6046bf11dae0_24, v0x6046bf11dae0_25, v0x6046bf11dae0_26, v0x6046bf11dae0_27;
v0x6046bf11dae0_28 .array/port v0x6046bf11dae0, 28;
v0x6046bf11dae0_29 .array/port v0x6046bf11dae0, 29;
v0x6046bf11dae0_30 .array/port v0x6046bf11dae0, 30;
v0x6046bf11dae0_31 .array/port v0x6046bf11dae0, 31;
E_0x6046bf0d5930/8 .event anyedge, v0x6046bf11dae0_28, v0x6046bf11dae0_29, v0x6046bf11dae0_30, v0x6046bf11dae0_31;
E_0x6046bf0d5930/9 .event anyedge, v0x6046bf11e320_0;
E_0x6046bf0d5930 .event/or E_0x6046bf0d5930/0, E_0x6046bf0d5930/1, E_0x6046bf0d5930/2, E_0x6046bf0d5930/3, E_0x6046bf0d5930/4, E_0x6046bf0d5930/5, E_0x6046bf0d5930/6, E_0x6046bf0d5930/7, E_0x6046bf0d5930/8, E_0x6046bf0d5930/9;
L_0x6046bf131f80 .part L_0x6046bf131220, 0, 7;
L_0x6046bf132020 .part v0x6046bf0d6c70_0, 0, 7;
L_0x6046bf1320c0 .part v0x6046bf0d6c70_0, 7, 5;
L_0x6046bf1321b0 .part v0x6046bf0d6c70_0, 12, 3;
L_0x6046bf132250 .part v0x6046bf0d6c70_0, 15, 5;
L_0x6046bf132380 .part v0x6046bf0d6c70_0, 20, 5;
L_0x6046bf132460 .part v0x6046bf0d6c70_0, 25, 7;
L_0x6046bf1325c0 .cmp/eq 7, L_0x6046bf132020, L_0x7866e4186258;
L_0x6046bf1326e0 .cmp/eq 7, L_0x6046bf132020, L_0x7866e41862a0;
L_0x6046bf132870 .cmp/eq 7, L_0x6046bf132020, L_0x7866e41862e8;
L_0x6046bf132a90 .cmp/eq 7, L_0x6046bf132020, L_0x7866e4186330;
L_0x6046bf132c90 .cmp/eq 7, L_0x6046bf132020, L_0x7866e4186378;
L_0x6046bf132f00 .cmp/eq 7, L_0x6046bf132020, L_0x7866e41863c0;
L_0x6046bf133100 .cmp/eq 7, L_0x6046bf132020, L_0x7866e4186408;
L_0x6046bf133360 .part v0x6046bf0d6c70_0, 31, 1;
LS_0x6046bf133400_0_0 .concat [ 1 1 1 1], L_0x6046bf133360, L_0x6046bf133360, L_0x6046bf133360, L_0x6046bf133360;
LS_0x6046bf133400_0_4 .concat [ 1 1 1 1], L_0x6046bf133360, L_0x6046bf133360, L_0x6046bf133360, L_0x6046bf133360;
LS_0x6046bf133400_0_8 .concat [ 1 1 1 1], L_0x6046bf133360, L_0x6046bf133360, L_0x6046bf133360, L_0x6046bf133360;
LS_0x6046bf133400_0_12 .concat [ 1 1 1 1], L_0x6046bf133360, L_0x6046bf133360, L_0x6046bf133360, L_0x6046bf133360;
LS_0x6046bf133400_0_16 .concat [ 1 1 1 1], L_0x6046bf133360, L_0x6046bf133360, L_0x6046bf133360, L_0x6046bf133360;
LS_0x6046bf133400_1_0 .concat [ 4 4 4 4], LS_0x6046bf133400_0_0, LS_0x6046bf133400_0_4, LS_0x6046bf133400_0_8, LS_0x6046bf133400_0_12;
LS_0x6046bf133400_1_4 .concat [ 4 0 0 0], LS_0x6046bf133400_0_16;
L_0x6046bf133400 .concat [ 16 4 0 0], LS_0x6046bf133400_1_0, LS_0x6046bf133400_1_4;
L_0x6046bf133740 .part v0x6046bf0d6c70_0, 20, 12;
L_0x6046bf1337e0 .concat [ 12 20 0 0], L_0x6046bf133740, L_0x6046bf133400;
L_0x6046bf133970 .part v0x6046bf0d6c70_0, 31, 1;
LS_0x6046bf133a10_0_0 .concat [ 1 1 1 1], L_0x6046bf133970, L_0x6046bf133970, L_0x6046bf133970, L_0x6046bf133970;
LS_0x6046bf133a10_0_4 .concat [ 1 1 1 1], L_0x6046bf133970, L_0x6046bf133970, L_0x6046bf133970, L_0x6046bf133970;
LS_0x6046bf133a10_0_8 .concat [ 1 1 1 1], L_0x6046bf133970, L_0x6046bf133970, L_0x6046bf133970, L_0x6046bf133970;
LS_0x6046bf133a10_0_12 .concat [ 1 1 1 1], L_0x6046bf133970, L_0x6046bf133970, L_0x6046bf133970, L_0x6046bf133970;
LS_0x6046bf133a10_0_16 .concat [ 1 1 1 1], L_0x6046bf133970, L_0x6046bf133970, L_0x6046bf133970, L_0x6046bf133970;
LS_0x6046bf133a10_1_0 .concat [ 4 4 4 4], LS_0x6046bf133a10_0_0, LS_0x6046bf133a10_0_4, LS_0x6046bf133a10_0_8, LS_0x6046bf133a10_0_12;
LS_0x6046bf133a10_1_4 .concat [ 4 0 0 0], LS_0x6046bf133a10_0_16;
L_0x6046bf133a10 .concat [ 16 4 0 0], LS_0x6046bf133a10_1_0, LS_0x6046bf133a10_1_4;
L_0x6046bf1338d0 .part v0x6046bf0d6c70_0, 25, 7;
L_0x6046bf133d70 .part v0x6046bf0d6c70_0, 7, 5;
L_0x6046bf133f00 .concat [ 5 7 20 0], L_0x6046bf133d70, L_0x6046bf1338d0, L_0x6046bf133a10;
L_0x6046bf1340a0 .part v0x6046bf0d6c70_0, 31, 1;
LS_0x6046bf134210_0_0 .concat [ 1 1 1 1], L_0x6046bf1340a0, L_0x6046bf1340a0, L_0x6046bf1340a0, L_0x6046bf1340a0;
LS_0x6046bf134210_0_4 .concat [ 1 1 1 1], L_0x6046bf1340a0, L_0x6046bf1340a0, L_0x6046bf1340a0, L_0x6046bf1340a0;
LS_0x6046bf134210_0_8 .concat [ 1 1 1 1], L_0x6046bf1340a0, L_0x6046bf1340a0, L_0x6046bf1340a0, L_0x6046bf1340a0;
LS_0x6046bf134210_0_12 .concat [ 1 1 1 1], L_0x6046bf1340a0, L_0x6046bf1340a0, L_0x6046bf1340a0, L_0x6046bf1340a0;
LS_0x6046bf134210_0_16 .concat [ 1 1 1 0], L_0x6046bf1340a0, L_0x6046bf1340a0, L_0x6046bf1340a0;
LS_0x6046bf134210_1_0 .concat [ 4 4 4 4], LS_0x6046bf134210_0_0, LS_0x6046bf134210_0_4, LS_0x6046bf134210_0_8, LS_0x6046bf134210_0_12;
LS_0x6046bf134210_1_4 .concat [ 3 0 0 0], LS_0x6046bf134210_0_16;
L_0x6046bf134210 .concat [ 16 3 0 0], LS_0x6046bf134210_1_0, LS_0x6046bf134210_1_4;
L_0x6046bf134510 .part v0x6046bf0d6c70_0, 31, 1;
L_0x6046bf134690 .part v0x6046bf0d6c70_0, 7, 1;
L_0x6046bf134730 .part v0x6046bf0d6c70_0, 25, 6;
L_0x6046bf1348f0 .part v0x6046bf0d6c70_0, 8, 4;
LS_0x6046bf134c00_0_0 .concat [ 1 4 6 1], L_0x7866e4186450, L_0x6046bf1348f0, L_0x6046bf134730, L_0x6046bf134690;
LS_0x6046bf134c00_0_4 .concat [ 1 19 0 0], L_0x6046bf134510, L_0x6046bf134210;
L_0x6046bf134c00 .concat [ 12 20 0 0], LS_0x6046bf134c00_0_0, LS_0x6046bf134c00_0_4;
L_0x6046bf134f60 .part v0x6046bf0d6c70_0, 12, 20;
L_0x6046bf135000 .concat [ 12 20 0 0], L_0x7866e4186498, L_0x6046bf134f60;
L_0x6046bf135250 .part v0x6046bf0d6c70_0, 31, 1;
LS_0x6046bf1352f0_0_0 .concat [ 1 1 1 1], L_0x6046bf135250, L_0x6046bf135250, L_0x6046bf135250, L_0x6046bf135250;
LS_0x6046bf1352f0_0_4 .concat [ 1 1 1 1], L_0x6046bf135250, L_0x6046bf135250, L_0x6046bf135250, L_0x6046bf135250;
LS_0x6046bf1352f0_0_8 .concat [ 1 1 1 0], L_0x6046bf135250, L_0x6046bf135250, L_0x6046bf135250;
L_0x6046bf1352f0 .concat [ 4 4 3 0], LS_0x6046bf1352f0_0_0, LS_0x6046bf1352f0_0_4, LS_0x6046bf1352f0_0_8;
L_0x6046bf135570 .part v0x6046bf0d6c70_0, 31, 1;
L_0x6046bf135610 .part v0x6046bf0d6c70_0, 12, 8;
L_0x6046bf135450 .part v0x6046bf0d6c70_0, 20, 1;
L_0x6046bf1357e0 .part v0x6046bf0d6c70_0, 21, 10;
LS_0x6046bf1359c0_0_0 .concat [ 1 10 1 8], L_0x7866e41864e0, L_0x6046bf1357e0, L_0x6046bf135450, L_0x6046bf135610;
LS_0x6046bf1359c0_0_4 .concat [ 1 11 0 0], L_0x6046bf135570, L_0x6046bf1352f0;
L_0x6046bf1359c0 .concat [ 20 12 0 0], LS_0x6046bf1359c0_0_0, LS_0x6046bf1359c0_0_4;
L_0x6046bf135c60 .cmp/eq 7, v0x6046bf11cea0_0, L_0x7866e4186528;
L_0x6046bf135ea0 .concat [ 5 27 0 0], v0x6046bf11d840_0, L_0x7866e4186570;
L_0x6046bf135fc0 .cmp/ne 32, L_0x6046bf135ea0, L_0x7866e41865b8;
L_0x6046bf1363a0 .cmp/eq 5, L_0x6046bf132250, v0x6046bf11d840_0;
L_0x6046bf136490 .cmp/eq 5, L_0x6046bf132380, v0x6046bf11d840_0;
    .scope S_0x6046bf0d5770;
T_0 ;
    %wait E_0x6046bf095440;
    %load/vec4 v0x6046bf11cc20_0;
    %nor/r;
    %flag_set/vec4 8;
    %jmp/0xz  T_0.0, 8;
    %pushi/vec4 0, 0, 32;
    %assign/vec4 v0x6046bf11d140_0, 0;
    %jmp T_0.1;
T_0.0 ;
    %load/vec4 v0x6046bf11e780_0;
    %nor/r;
    %flag_set/vec4 8;
    %jmp/0xz  T_0.2, 8;
    %load/vec4 v0x6046bf11cb40_0;
    %assign/vec4 v0x6046bf11d140_0, 0;
T_0.2 ;
T_0.1 ;
    %jmp T_0;
    .thread T_0;
    .scope S_0x6046bf0d5770;
T_1 ;
    %wait E_0x6046bf0d5930;
    %load/vec4 v0x6046bf11e160_0;
    %pad/u 32;
    %cmpi/e 0, 0, 32;
    %jmp/0xz  T_1.0, 4;
    %pushi/vec4 0, 0, 32;
    %store/vec4 v0x6046bf11dfa0_0, 0, 32;
    %jmp T_1.1;
T_1.0 ;
    %load/vec4 v0x6046bf11eb60_0;
    %flag_set/vec4 10;
    %flag_get/vec4 10;
    %jmp/0 T_1.5, 10;
    %load/vec4 v0x6046bf11da00_0;
    %pad/u 32;
    %pushi/vec4 0, 0, 32;
    %cmp/ne;
    %flag_get/vec4 4;
    %and;
T_1.5;
    %flag_set/vec4 9;
    %flag_get/vec4 9;
    %jmp/0 T_1.4, 9;
    %load/vec4 v0x6046bf11da00_0;
    %load/vec4 v0x6046bf11e160_0;
    %cmp/e;
    %flag_get/vec4 4;
    %and;
T_1.4;
    %flag_set/vec4 8;
    %jmp/0xz  T_1.2, 8;
    %load/vec4 v0x6046bf11e840_0;
    %store/vec4 v0x6046bf11dfa0_0, 0, 32;
    %jmp T_1.3;
T_1.2 ;
    %load/vec4 v0x6046bf11e160_0;
    %pad/u 7;
    %ix/vec4 4;
    %load/vec4a v0x6046bf11dae0, 4;
    %store/vec4 v0x6046bf11dfa0_0, 0, 32;
T_1.3 ;
T_1.1 ;
    %load/vec4 v0x6046bf11e320_0;
    %pad/u 32;
    %cmpi/e 0, 0, 32;
    %jmp/0xz  T_1.6, 4;
    %pushi/vec4 0, 0, 32;
    %store/vec4 v0x6046bf11e080_0, 0, 32;
    %jmp T_1.7;
T_1.6 ;
    %load/vec4 v0x6046bf11eb60_0;
    %flag_set/vec4 10;
    %flag_get/vec4 10;
    %jmp/0 T_1.11, 10;
    %load/vec4 v0x6046bf11da00_0;
    %pad/u 32;
    %pushi/vec4 0, 0, 32;
    %cmp/ne;
    %flag_get/vec4 4;
    %and;
T_1.11;
    %flag_set/vec4 9;
    %flag_get/vec4 9;
    %jmp/0 T_1.10, 9;
    %load/vec4 v0x6046bf11da00_0;
    %load/vec4 v0x6046bf11e320_0;
    %cmp/e;
    %flag_get/vec4 4;
    %and;
T_1.10;
    %flag_set/vec4 8;
    %jmp/0xz  T_1.8, 8;
    %load/vec4 v0x6046bf11e840_0;
    %store/vec4 v0x6046bf11e080_0, 0, 32;
    %jmp T_1.9;
T_1.8 ;
    %load/vec4 v0x6046bf11e320_0;
    %pad/u 7;
    %ix/vec4 4;
    %load/vec4a v0x6046bf11dae0, 4;
    %store/vec4 v0x6046bf11e080_0, 0, 32;
T_1.9 ;
T_1.7 ;
    %jmp T_1;
    .thread T_1, $push;
    .scope S_0x6046bf0d5770;
T_2 ;
    %wait E_0x6046bf095440;
    %load/vec4 v0x6046bf11cc20_0;
    %nor/r;
    %flag_set/vec4 8;
    %jmp/0xz  T_2.0, 8;
    %pushi/vec4 0, 0, 32;
    %store/vec4 v0x6046bf11c2a0_0, 0, 32;
T_2.2 ;
    %load/vec4 v0x6046bf11c2a0_0;
    %cmpi/s 32, 0, 32;
    %jmp/0xz T_2.3, 5;
    %pushi/vec4 0, 0, 32;
    %ix/getv/s 3, v0x6046bf11c2a0_0;
    %ix/load 4, 0, 0; Constant delay
    %assign/vec4/a/d v0x6046bf11dae0, 0, 4;
    %load/vec4 v0x6046bf11c2a0_0;
    %addi 1, 0, 32;
    %store/vec4 v0x6046bf11c2a0_0, 0, 32;
    %jmp T_2.2;
T_2.3 ;
    %jmp T_2.1;
T_2.0 ;
    %load/vec4 v0x6046bf11eb60_0;
    %flag_set/vec4 9;
    %flag_get/vec4 9;
    %jmp/0 T_2.6, 9;
    %load/vec4 v0x6046bf11da00_0;
    %pushi/vec4 0, 0, 5;
    %cmp/ne;
    %flag_get/vec4 4;
    %and;
T_2.6;
    %flag_set/vec4 8;
    %jmp/0xz  T_2.4, 8;
    %load/vec4 v0x6046bf11e840_0;
    %load/vec4 v0x6046bf11da00_0;
    %pad/u 7;
    %ix/vec4 3;
    %ix/load 4, 0, 0; Constant delay
    %assign/vec4/a/d v0x6046bf11dae0, 0, 4;
T_2.4 ;
T_2.1 ;
    %jmp T_2;
    .thread T_2;
    .scope S_0x6046bf0d5770;
T_3 ;
    %wait E_0x6046bf065be0;
    %load/vec4 v0x6046bf11e920_0;
    %flag_set/vec4 10;
    %flag_get/vec4 10;
    %jmp/0 T_3.3, 10;
    %load/vec4 v0x6046bf11d760_0;
    %pad/u 32;
    %pushi/vec4 0, 0, 32;
    %cmp/ne;
    %flag_get/vec4 4;
    %and;
T_3.3;
    %flag_set/vec4 9;
    %flag_get/vec4 9;
    %jmp/0 T_3.2, 9;
    %load/vec4 v0x6046bf11d760_0;
    %load/vec4 v0x6046bf11e240_0;
    %cmp/e;
    %flag_get/vec4 4;
    %and;
T_3.2;
    %flag_set/vec4 8;
    %jmp/0xz  T_3.0, 8;
    %load/vec4 v0x6046bf0db390_0;
    %store/vec4 v0x6046bf11c0e0_0, 0, 32;
    %jmp T_3.1;
T_3.0 ;
    %load/vec4 v0x6046bf11eaa0_0;
    %flag_set/vec4 10;
    %flag_get/vec4 10;
    %jmp/0 T_3.7, 10;
    %load/vec4 v0x6046bf11d920_0;
    %pad/u 32;
    %pushi/vec4 0, 0, 32;
    %cmp/ne;
    %flag_get/vec4 4;
    %and;
T_3.7;
    %flag_set/vec4 9;
    %flag_get/vec4 9;
    %jmp/0 T_3.6, 9;
    %load/vec4 v0x6046bf11d920_0;
    %load/vec4 v0x6046bf11e240_0;
    %cmp/e;
    %flag_get/vec4 4;
    %and;
T_3.6;
    %flag_set/vec4 8;
    %jmp/0xz  T_3.4, 8;
    %load/vec4 v0x6046bf11e840_0;
    %store/vec4 v0x6046bf11c0e0_0, 0, 32;
    %jmp T_3.5;
T_3.4 ;
    %load/vec4 v0x6046bf118090_0;
    %store/vec4 v0x6046bf11c0e0_0, 0, 32;
T_3.5 ;
T_3.1 ;
    %load/vec4 v0x6046bf11e920_0;
    %flag_set/vec4 10;
    %flag_get/vec4 10;
    %jmp/0 T_3.11, 10;
    %load/vec4 v0x6046bf11d760_0;
    %pad/u 32;
    %pushi/vec4 0, 0, 32;
    %cmp/ne;
    %flag_get/vec4 4;
    %and;
T_3.11;
    %flag_set/vec4 9;
    %flag_get/vec4 9;
    %jmp/0 T_3.10, 9;
    %load/vec4 v0x6046bf11d760_0;
    %load/vec4 v0x6046bf11e400_0;
    %cmp/e;
    %flag_get/vec4 4;
    %and;
T_3.10;
    %flag_set/vec4 8;
    %jmp/0xz  T_3.8, 8;
    %load/vec4 v0x6046bf0db390_0;
    %store/vec4 v0x6046bf11c1c0_0, 0, 32;
    %jmp T_3.9;
T_3.8 ;
    %load/vec4 v0x6046bf11eaa0_0;
    %flag_set/vec4 10;
    %flag_get/vec4 10;
    %jmp/0 T_3.15, 10;
    %load/vec4 v0x6046bf11d920_0;
    %pad/u 32;
    %pushi/vec4 0, 0, 32;
    %cmp/ne;
    %flag_get/vec4 4;
    %and;
T_3.15;
    %flag_set/vec4 9;
    %flag_get/vec4 9;
    %jmp/0 T_3.14, 9;
    %load/vec4 v0x6046bf11d920_0;
    %load/vec4 v0x6046bf11e400_0;
    %cmp/e;
    %flag_get/vec4 4;
    %and;
T_3.14;
    %flag_set/vec4 8;
    %jmp/0xz  T_3.12, 8;
    %load/vec4 v0x6046bf11e840_0;
    %store/vec4 v0x6046bf11c1c0_0, 0, 32;
    %jmp T_3.13;
T_3.12 ;
    %load/vec4 v0x6046bf118170_0;
    %store/vec4 v0x6046bf11c1c0_0, 0, 32;
T_3.13 ;
T_3.9 ;
    %jmp T_3;
    .thread T_3, $push;
    .scope S_0x6046bf0d5770;
T_4 ;
    %wait E_0x6046bf06cf20;
    %pushi/vec4 0, 0, 32;
    %store/vec4 v0x6046bf11af50_0, 0, 32;
    %load/vec4 v0x6046bf11cea0_0;
    %cmpi/e 51, 0, 7;
    %flag_get/vec4 4;
    %jmp/0 T_4.3, 4;
    %load/vec4 v0x6046bf11bd60_0;
    %pushi/vec4 0, 0, 3;
    %cmp/e;
    %flag_get/vec4 4;
    %and;
T_4.3;
    %flag_set/vec4 9;
    %flag_get/vec4 9;
    %jmp/0 T_4.2, 9;
    %load/vec4 v0x6046bf11c000_0;
    %pushi/vec4 0, 0, 7;
    %cmp/e;
    %flag_get/vec4 4;
    %and;
T_4.2;
    %flag_set/vec4 8;
    %jmp/0xz  T_4.0, 8;
    %load/vec4 v0x6046bf11c0e0_0;
    %load/vec4 v0x6046bf11c1c0_0;
    %add;
    %store/vec4 v0x6046bf11af50_0, 0, 32;
    %jmp T_4.1;
T_4.0 ;
    %load/vec4 v0x6046bf11cea0_0;
    %cmpi/e 51, 0, 7;
    %flag_get/vec4 4;
    %jmp/0 T_4.7, 4;
    %load/vec4 v0x6046bf11bd60_0;
    %pushi/vec4 0, 0, 3;
    %cmp/e;
    %flag_get/vec4 4;
    %and;
T_4.7;
    %flag_set/vec4 9;
    %flag_get/vec4 9;
    %jmp/0 T_4.6, 9;
    %load/vec4 v0x6046bf11c000_0;
    %pushi/vec4 32, 0, 7;
    %cmp/e;
    %flag_get/vec4 4;
    %and;
T_4.6;
    %flag_set/vec4 8;
    %jmp/0xz  T_4.4, 8;
    %load/vec4 v0x6046bf11c0e0_0;
    %load/vec4 v0x6046bf11c1c0_0;
    %sub;
    %store/vec4 v0x6046bf11af50_0, 0, 32;
    %jmp T_4.5;
T_4.4 ;
    %load/vec4 v0x6046bf11cea0_0;
    %cmpi/e 51, 0, 7;
    %flag_get/vec4 4;
    %jmp/0 T_4.11, 4;
    %load/vec4 v0x6046bf11bd60_0;
    %pushi/vec4 7, 0, 3;
    %cmp/e;
    %flag_get/vec4 4;
    %and;
T_4.11;
    %flag_set/vec4 9;
    %flag_get/vec4 9;
    %jmp/0 T_4.10, 9;
    %load/vec4 v0x6046bf11c000_0;
    %pushi/vec4 0, 0, 7;
    %cmp/e;
    %flag_get/vec4 4;
    %and;
T_4.10;
    %flag_set/vec4 8;
    %jmp/0xz  T_4.8, 8;
    %load/vec4 v0x6046bf11c0e0_0;
    %load/vec4 v0x6046bf11c1c0_0;
    %and;
    %store/vec4 v0x6046bf11af50_0, 0, 32;
    %jmp T_4.9;
T_4.8 ;
    %load/vec4 v0x6046bf11cea0_0;
    %cmpi/e 51, 0, 7;
    %flag_get/vec4 4;
    %jmp/0 T_4.15, 4;
    %load/vec4 v0x6046bf11bd60_0;
    %pushi/vec4 6, 0, 3;
    %cmp/e;
    %flag_get/vec4 4;
    %and;
T_4.15;
    %flag_set/vec4 9;
    %flag_get/vec4 9;
    %jmp/0 T_4.14, 9;
    %load/vec4 v0x6046bf11c000_0;
    %pushi/vec4 0, 0, 7;
    %cmp/e;
    %flag_get/vec4 4;
    %and;
T_4.14;
    %flag_set/vec4 8;
    %jmp/0xz  T_4.12, 8;
    %load/vec4 v0x6046bf11c0e0_0;
    %load/vec4 v0x6046bf11c1c0_0;
    %or;
    %store/vec4 v0x6046bf11af50_0, 0, 32;
    %jmp T_4.13;
T_4.12 ;
    %load/vec4 v0x6046bf11cea0_0;
    %cmpi/e 51, 0, 7;
    %flag_get/vec4 4;
    %jmp/0 T_4.19, 4;
    %load/vec4 v0x6046bf11bd60_0;
    %pushi/vec4 4, 0, 3;
    %cmp/e;
    %flag_get/vec4 4;
    %and;
T_4.19;
    %flag_set/vec4 9;
    %flag_get/vec4 9;
    %jmp/0 T_4.18, 9;
    %load/vec4 v0x6046bf11c000_0;
    %pushi/vec4 0, 0, 7;
    %cmp/e;
    %flag_get/vec4 4;
    %and;
T_4.18;
    %flag_set/vec4 8;
    %jmp/0xz  T_4.16, 8;
    %load/vec4 v0x6046bf11c0e0_0;
    %load/vec4 v0x6046bf11c1c0_0;
    %xor;
    %store/vec4 v0x6046bf11af50_0, 0, 32;
    %jmp T_4.17;
T_4.16 ;
    %load/vec4 v0x6046bf11cea0_0;
    %cmpi/e 51, 0, 7;
    %flag_get/vec4 4;
    %jmp/0 T_4.23, 4;
    %load/vec4 v0x6046bf11bd60_0;
    %pushi/vec4 1, 0, 3;
    %cmp/e;
    %flag_get/vec4 4;
    %and;
T_4.23;
    %flag_set/vec4 9;
    %flag_get/vec4 9;
    %jmp/0 T_4.22, 9;
    %load/vec4 v0x6046bf11c000_0;
    %pushi/vec4 0, 0, 7;
    %cmp/e;
    %flag_get/vec4 4;
    %and;
T_4.22;
    %flag_set/vec4 8;
    %jmp/0xz  T_4.20, 8;
    %load/vec4 v0x6046bf11c0e0_0;
    %load/vec4 v0x6046bf11c1c0_0;
    %parti/s 5, 0, 2;
    %ix/vec4 4;
    %shiftl 4;
    %store/vec4 v0x6046bf11af50_0, 0, 32;
    %jmp T_4.21;
T_4.20 ;
    %load/vec4 v0x6046bf11cea0_0;
    %cmpi/e 51, 0, 7;
    %flag_get/vec4 4;
    %jmp/0 T_4.27, 4;
    %load/vec4 v0x6046bf11bd60_0;
    %pushi/vec4 5, 0, 3;
    %cmp/e;
    %flag_get/vec4 4;
    %and;
T_4.27;
    %flag_set/vec4 9;
    %flag_get/vec4 9;
    %jmp/0 T_4.26, 9;
    %load/vec4 v0x6046bf11c000_0;
    %pushi/vec4 0, 0, 7;
    %cmp/e;
    %flag_get/vec4 4;
    %and;
T_4.26;
    %flag_set/vec4 8;
    %jmp/0xz  T_4.24, 8;
    %load/vec4 v0x6046bf11c0e0_0;
    %load/vec4 v0x6046bf11c1c0_0;
    %parti/s 5, 0, 2;
    %ix/vec4 4;
    %shiftr 4;
    %store/vec4 v0x6046bf11af50_0, 0, 32;
    %jmp T_4.25;
T_4.24 ;
    %load/vec4 v0x6046bf11cea0_0;
    %cmpi/e 51, 0, 7;
    %flag_get/vec4 4;
    %jmp/0 T_4.31, 4;
    %load/vec4 v0x6046bf11bd60_0;
    %pushi/vec4 5, 0, 3;
    %cmp/e;
    %flag_get/vec4 4;
    %and;
T_4.31;
    %flag_set/vec4 9;
    %flag_get/vec4 9;
    %jmp/0 T_4.30, 9;
    %load/vec4 v0x6046bf11c000_0;
    %pushi/vec4 32, 0, 7;
    %cmp/e;
    %flag_get/vec4 4;
    %and;
T_4.30;
    %flag_set/vec4 8;
    %jmp/0xz  T_4.28, 8;
    %load/vec4 v0x6046bf11e4e0_0;
    %load/vec4 v0x6046bf11c1c0_0;
    %parti/s 5, 0, 2;
    %ix/vec4 4;
    %shiftr/s 4;
    %store/vec4 v0x6046bf11af50_0, 0, 32;
    %jmp T_4.29;
T_4.28 ;
    %load/vec4 v0x6046bf11cea0_0;
    %cmpi/e 51, 0, 7;
    %flag_get/vec4 4;
    %jmp/0 T_4.35, 4;
    %load/vec4 v0x6046bf11bd60_0;
    %pushi/vec4 2, 0, 3;
    %cmp/e;
    %flag_get/vec4 4;
    %and;
T_4.35;
    %flag_set/vec4 9;
    %flag_get/vec4 9;
    %jmp/0 T_4.34, 9;
    %load/vec4 v0x6046bf11c000_0;
    %pushi/vec4 0, 0, 7;
    %cmp/e;
    %flag_get/vec4 4;
    %and;
T_4.34;
    %flag_set/vec4 8;
    %jmp/0xz  T_4.32, 8;
    %load/vec4 v0x6046bf11e4e0_0;
    %load/vec4 v0x6046bf11e5c0_0;
    %cmp/s;
    %flag_mov 8, 5;
    %jmp/0 T_4.36, 8;
    %pushi/vec4 1, 0, 32;
    %jmp/1 T_4.37, 8;
T_4.36 ; End of true expr.
    %pushi/vec4 0, 0, 32;
    %jmp/0 T_4.37, 8;
 ; End of false expr.
    %blend;
T_4.37;
    %store/vec4 v0x6046bf11af50_0, 0, 32;
    %jmp T_4.33;
T_4.32 ;
    %load/vec4 v0x6046bf11cea0_0;
    %cmpi/e 51, 0, 7;
    %flag_get/vec4 4;
    %jmp/0 T_4.41, 4;
    %load/vec4 v0x6046bf11bd60_0;
    %pushi/vec4 3, 0, 3;
    %cmp/e;
    %flag_get/vec4 4;
    %and;
T_4.41;
    %flag_set/vec4 9;
    %flag_get/vec4 9;
    %jmp/0 T_4.40, 9;
    %load/vec4 v0x6046bf11c000_0;
    %pushi/vec4 0, 0, 7;
    %cmp/e;
    %flag_get/vec4 4;
    %and;
T_4.40;
    %flag_set/vec4 8;
    %jmp/0xz  T_4.38, 8;
    %load/vec4 v0x6046bf11c0e0_0;
    %load/vec4 v0x6046bf11c1c0_0;
    %cmp/u;
    %flag_mov 8, 5;
    %jmp/0 T_4.42, 8;
    %pushi/vec4 1, 0, 32;
    %jmp/1 T_4.43, 8;
T_4.42 ; End of true expr.
    %pushi/vec4 0, 0, 32;
    %jmp/0 T_4.43, 8;
 ; End of false expr.
    %blend;
T_4.43;
    %store/vec4 v0x6046bf11af50_0, 0, 32;
    %jmp T_4.39;
T_4.38 ;
    %load/vec4 v0x6046bf11cea0_0;
    %cmpi/e 19, 0, 7;
    %flag_get/vec4 4;
    %jmp/0 T_4.46, 4;
    %load/vec4 v0x6046bf11bd60_0;
    %pushi/vec4 0, 0, 3;
    %cmp/e;
    %flag_get/vec4 4;
    %and;
T_4.46;
    %flag_set/vec4 8;
    %jmp/0xz  T_4.44, 8;
    %load/vec4 v0x6046bf11c0e0_0;
    %load/vec4 v0x6046bf0db2f0_0;
    %add;
    %store/vec4 v0x6046bf11af50_0, 0, 32;
    %jmp T_4.45;
T_4.44 ;
    %load/vec4 v0x6046bf11cea0_0;
    %cmpi/e 19, 0, 7;
    %flag_get/vec4 4;
    %jmp/0 T_4.49, 4;
    %load/vec4 v0x6046bf11bd60_0;
    %pushi/vec4 7, 0, 3;
    %cmp/e;
    %flag_get/vec4 4;
    %and;
T_4.49;
    %flag_set/vec4 8;
    %jmp/0xz  T_4.47, 8;
    %load/vec4 v0x6046bf11c0e0_0;
    %load/vec4 v0x6046bf0db2f0_0;
    %and;
    %store/vec4 v0x6046bf11af50_0, 0, 32;
    %jmp T_4.48;
T_4.47 ;
    %load/vec4 v0x6046bf11cea0_0;
    %cmpi/e 19, 0, 7;
    %flag_get/vec4 4;
    %jmp/0 T_4.52, 4;
    %load/vec4 v0x6046bf11bd60_0;
    %pushi/vec4 6, 0, 3;
    %cmp/e;
    %flag_get/vec4 4;
    %and;
T_4.52;
    %flag_set/vec4 8;
    %jmp/0xz  T_4.50, 8;
    %load/vec4 v0x6046bf11c0e0_0;
    %load/vec4 v0x6046bf0db2f0_0;
    %or;
    %store/vec4 v0x6046bf11af50_0, 0, 32;
    %jmp T_4.51;
T_4.50 ;
    %load/vec4 v0x6046bf11cea0_0;
    %cmpi/e 19, 0, 7;
    %flag_get/vec4 4;
    %jmp/0 T_4.55, 4;
    %load/vec4 v0x6046bf11bd60_0;
    %pushi/vec4 4, 0, 3;
    %cmp/e;
    %flag_get/vec4 4;
    %and;
T_4.55;
    %flag_set/vec4 8;
    %jmp/0xz  T_4.53, 8;
    %load/vec4 v0x6046bf11c0e0_0;
    %load/vec4 v0x6046bf0db2f0_0;
    %xor;
    %store/vec4 v0x6046bf11af50_0, 0, 32;
    %jmp T_4.54;
T_4.53 ;
    %load/vec4 v0x6046bf11cea0_0;
    %cmpi/e 19, 0, 7;
    %flag_get/vec4 4;
    %jmp/0 T_4.59, 4;
    %load/vec4 v0x6046bf11bd60_0;
    %pushi/vec4 1, 0, 3;
    %cmp/e;
    %flag_get/vec4 4;
    %and;
T_4.59;
    %flag_set/vec4 9;
    %flag_get/vec4 9;
    %jmp/0 T_4.58, 9;
    %load/vec4 v0x6046bf11c000_0;
    %pushi/vec4 0, 0, 7;
    %cmp/e;
    %flag_get/vec4 4;
    %and;
T_4.58;
    %flag_set/vec4 8;
    %jmp/0xz  T_4.56, 8;
    %load/vec4 v0x6046bf11c0e0_0;
    %load/vec4 v0x6046bf0db2f0_0;
    %parti/s 5, 0, 2;
    %ix/vec4 4;
    %shiftl 4;
    %store/vec4 v0x6046bf11af50_0, 0, 32;
    %jmp T_4.57;
T_4.56 ;
    %load/vec4 v0x6046bf11cea0_0;
    %cmpi/e 19, 0, 7;
    %flag_get/vec4 4;
    %jmp/0 T_4.63, 4;
    %load/vec4 v0x6046bf11bd60_0;
    %pushi/vec4 5, 0, 3;
    %cmp/e;
    %flag_get/vec4 4;
    %and;
T_4.63;
    %flag_set/vec4 9;
    %flag_get/vec4 9;
    %jmp/0 T_4.62, 9;
    %load/vec4 v0x6046bf11c000_0;
    %pushi/vec4 0, 0, 7;
    %cmp/e;
    %flag_get/vec4 4;
    %and;
T_4.62;
    %flag_set/vec4 8;
    %jmp/0xz  T_4.60, 8;
    %load/vec4 v0x6046bf11c0e0_0;
    %load/vec4 v0x6046bf0db2f0_0;
    %parti/s 5, 0, 2;
    %ix/vec4 4;
    %shiftr 4;
    %store/vec4 v0x6046bf11af50_0, 0, 32;
    %jmp T_4.61;
T_4.60 ;
    %load/vec4 v0x6046bf11cea0_0;
    %cmpi/e 19, 0, 7;
    %flag_get/vec4 4;
    %jmp/0 T_4.67, 4;
    %load/vec4 v0x6046bf11bd60_0;
    %pushi/vec4 5, 0, 3;
    %cmp/e;
    %flag_get/vec4 4;
    %and;
T_4.67;
    %flag_set/vec4 9;
    %flag_get/vec4 9;
    %jmp/0 T_4.66, 9;
    %load/vec4 v0x6046bf11c000_0;
    %pushi/vec4 32, 0, 7;
    %cmp/e;
    %flag_get/vec4 4;
    %and;
T_4.66;
    %flag_set/vec4 8;
    %jmp/0xz  T_4.64, 8;
    %load/vec4 v0x6046bf11e4e0_0;
    %load/vec4 v0x6046bf0db2f0_0;
    %parti/s 5, 0, 2;
    %ix/vec4 4;
    %shiftr/s 4;
    %store/vec4 v0x6046bf11af50_0, 0, 32;
    %jmp T_4.65;
T_4.64 ;
    %load/vec4 v0x6046bf11cea0_0;
    %cmpi/e 19, 0, 7;
    %flag_get/vec4 4;
    %jmp/0 T_4.70, 4;
    %load/vec4 v0x6046bf11bd60_0;
    %pushi/vec4 2, 0, 3;
    %cmp/e;
    %flag_get/vec4 4;
    %and;
T_4.70;
    %flag_set/vec4 8;
    %jmp/0xz  T_4.68, 8;
    %load/vec4 v0x6046bf11c0e0_0;
    %load/vec4 v0x6046bf0db2f0_0;
    %cmp/s;
    %flag_mov 8, 5;
    %jmp/0 T_4.71, 8;
    %pushi/vec4 1, 0, 32;
    %jmp/1 T_4.72, 8;
T_4.71 ; End of true expr.
    %pushi/vec4 0, 0, 32;
    %jmp/0 T_4.72, 8;
 ; End of false expr.
    %blend;
T_4.72;
    %store/vec4 v0x6046bf11af50_0, 0, 32;
    %jmp T_4.69;
T_4.68 ;
    %load/vec4 v0x6046bf11cea0_0;
    %cmpi/e 19, 0, 7;
    %flag_get/vec4 4;
    %jmp/0 T_4.75, 4;
    %load/vec4 v0x6046bf11bd60_0;
    %pushi/vec4 3, 0, 3;
    %cmp/e;
    %flag_get/vec4 4;
    %and;
T_4.75;
    %flag_set/vec4 8;
    %jmp/0xz  T_4.73, 8;
    %load/vec4 v0x6046bf11c0e0_0;
    %load/vec4 v0x6046bf0db2f0_0;
    %cmp/u;
    %flag_mov 8, 5;
    %jmp/0 T_4.76, 8;
    %pushi/vec4 1, 0, 32;
    %jmp/1 T_4.77, 8;
T_4.76 ; End of true expr.
    %pushi/vec4 0, 0, 32;
    %jmp/0 T_4.77, 8;
 ; End of false expr.
    %blend;
T_4.77;
    %store/vec4 v0x6046bf11af50_0, 0, 32;
    %jmp T_4.74;
T_4.73 ;
    %load/vec4 v0x6046bf11cea0_0;
    %cmpi/e 3, 0, 7;
    %jmp/0xz  T_4.78, 4;
    %load/vec4 v0x6046bf11c0e0_0;
    %load/vec4 v0x6046bf0db2f0_0;
    %add;
    %store/vec4 v0x6046bf11af50_0, 0, 32;
    %jmp T_4.79;
T_4.78 ;
    %load/vec4 v0x6046bf11cea0_0;
    %cmpi/e 35, 0, 7;
    %jmp/0xz  T_4.80, 4;
    %load/vec4 v0x6046bf11c0e0_0;
    %load/vec4 v0x6046bf0db2f0_0;
    %add;
    %store/vec4 v0x6046bf11af50_0, 0, 32;
    %jmp T_4.81;
T_4.80 ;
    %load/vec4 v0x6046bf11cea0_0;
    %cmpi/e 55, 0, 7;
    %jmp/0xz  T_4.82, 4;
    %load/vec4 v0x6046bf0db2f0_0;
    %store/vec4 v0x6046bf11af50_0, 0, 32;
    %jmp T_4.83;
T_4.82 ;
    %load/vec4 v0x6046bf11cea0_0;
    %cmpi/e 23, 0, 7;
    %jmp/0xz  T_4.84, 4;
    %load/vec4 v0x6046bf117df0_0;
    %load/vec4 v0x6046bf0db2f0_0;
    %add;
    %store/vec4 v0x6046bf11af50_0, 0, 32;
    %jmp T_4.85;
T_4.84 ;
    %load/vec4 v0x6046bf11cea0_0;
    %cmpi/e 111, 0, 7;
    %jmp/0xz  T_4.86, 4;
    %load/vec4 v0x6046bf117df0_0;
    %addi 4, 0, 32;
    %store/vec4 v0x6046bf11af50_0, 0, 32;
    %jmp T_4.87;
T_4.86 ;
    %load/vec4 v0x6046bf11cea0_0;
    %cmpi/e 103, 0, 7;
    %jmp/0xz  T_4.88, 4;
    %load/vec4 v0x6046bf117df0_0;
    %addi 4, 0, 32;
    %store/vec4 v0x6046bf11af50_0, 0, 32;
T_4.88 ;
T_4.87 ;
T_4.85 ;
T_4.83 ;
T_4.81 ;
T_4.79 ;
T_4.74 ;
T_4.69 ;
T_4.65 ;
T_4.61 ;
T_4.57 ;
T_4.54 ;
T_4.51 ;
T_4.48 ;
T_4.45 ;
T_4.39 ;
T_4.33 ;
T_4.29 ;
T_4.25 ;
T_4.21 ;
T_4.17 ;
T_4.13 ;
T_4.9 ;
T_4.5 ;
T_4.1 ;
    %jmp T_4;
    .thread T_4, $push;
    .scope S_0x6046bf0d5770;
T_5 ;
    %wait E_0x6046bf06ca80;
    %load/vec4 v0x6046bf11d140_0;
    %addi 4, 0, 32;
    %store/vec4 v0x6046bf11cb40_0, 0, 32;
    %pushi/vec4 0, 0, 1;
    %store/vec4 v0x6046bf11b440_0, 0, 1;
    %pushi/vec4 0, 0, 1;
    %store/vec4 v0x6046bf11bae0_0, 0, 1;
    %load/vec4 v0x6046bf11cea0_0;
    %cmpi/e 99, 0, 7;
    %jmp/0xz  T_5.0, 4;
    %load/vec4 v0x6046bf11bd60_0;
    %cmpi/e 0, 0, 3;
    %flag_get/vec4 4;
    %jmp/0 T_5.4, 4;
    %load/vec4 v0x6046bf11c0e0_0;
    %load/vec4 v0x6046bf11c1c0_0;
    %cmp/e;
    %flag_get/vec4 4;
    %and;
T_5.4;
    %flag_set/vec4 8;
    %jmp/0xz  T_5.2, 8;
    %pushi/vec4 1, 0, 1;
    %store/vec4 v0x6046bf11b440_0, 0, 1;
T_5.2 ;
    %load/vec4 v0x6046bf11bd60_0;
    %cmpi/e 1, 0, 3;
    %flag_get/vec4 4;
    %jmp/0 T_5.7, 4;
    %load/vec4 v0x6046bf11c0e0_0;
    %load/vec4 v0x6046bf11c1c0_0;
    %cmp/ne;
    %flag_get/vec4 4;
    %and;
T_5.7;
    %flag_set/vec4 8;
    %jmp/0xz  T_5.5, 8;
    %pushi/vec4 1, 0, 1;
    %store/vec4 v0x6046bf11b440_0, 0, 1;
T_5.5 ;
    %load/vec4 v0x6046bf11bd60_0;
    %cmpi/e 4, 0, 3;
    %flag_get/vec4 4;
    %jmp/0 T_5.10, 4;
    %load/vec4 v0x6046bf11e4e0_0;
    %load/vec4 v0x6046bf11e5c0_0;
    %cmp/s;
    %flag_get/vec4 5;
    %and;
T_5.10;
    %flag_set/vec4 8;
    %jmp/0xz  T_5.8, 8;
    %pushi/vec4 1, 0, 1;
    %store/vec4 v0x6046bf11b440_0, 0, 1;
T_5.8 ;
    %load/vec4 v0x6046bf11bd60_0;
    %cmpi/e 5, 0, 3;
    %flag_get/vec4 4;
    %jmp/0 T_5.13, 4;
    %load/vec4 v0x6046bf11e5c0_0;
    %load/vec4 v0x6046bf11e4e0_0;
    %cmp/s;
    %flag_get/vec4 4;
    %flag_get/vec4 5;
    %or;
    %and;
T_5.13;
    %flag_set/vec4 8;
    %jmp/0xz  T_5.11, 8;
    %pushi/vec4 1, 0, 1;
    %store/vec4 v0x6046bf11b440_0, 0, 1;
T_5.11 ;
    %load/vec4 v0x6046bf11bd60_0;
    %cmpi/e 6, 0, 3;
    %flag_get/vec4 4;
    %jmp/0 T_5.16, 4;
    %load/vec4 v0x6046bf11c0e0_0;
    %load/vec4 v0x6046bf11c1c0_0;
    %cmp/u;
    %flag_get/vec4 5;
    %and;
T_5.16;
    %flag_set/vec4 8;
    %jmp/0xz  T_5.14, 8;
    %pushi/vec4 1, 0, 1;
    %store/vec4 v0x6046bf11b440_0, 0, 1;
T_5.14 ;
    %load/vec4 v0x6046bf11bd60_0;
    %cmpi/e 7, 0, 3;
    %flag_get/vec4 4;
    %jmp/0 T_5.19, 4;
    %load/vec4 v0x6046bf11c1c0_0;
    %load/vec4 v0x6046bf11c0e0_0;
    %cmp/u;
    %flag_get/vec4 4;
    %flag_get/vec4 5;
    %or;
    %and;
T_5.19;
    %flag_set/vec4 8;
    %jmp/0xz  T_5.17, 8;
    %pushi/vec4 1, 0, 1;
    %store/vec4 v0x6046bf11b440_0, 0, 1;
T_5.17 ;
    %load/vec4 v0x6046bf11b440_0;
    %flag_set/vec4 8;
    %jmp/0xz  T_5.20, 8;
    %load/vec4 v0x6046bf117df0_0;
    %load/vec4 v0x6046bf0db2f0_0;
    %add;
    %store/vec4 v0x6046bf11cb40_0, 0, 32;
    %pushi/vec4 1, 0, 1;
    %store/vec4 v0x6046bf11bae0_0, 0, 1;
T_5.20 ;
    %jmp T_5.1;
T_5.0 ;
    %load/vec4 v0x6046bf11cea0_0;
    %cmpi/e 111, 0, 7;
    %jmp/0xz  T_5.22, 4;
    %load/vec4 v0x6046bf117df0_0;
    %load/vec4 v0x6046bf0db2f0_0;
    %add;
    %store/vec4 v0x6046bf11cb40_0, 0, 32;
    %pushi/vec4 1, 0, 1;
    %store/vec4 v0x6046bf11bae0_0, 0, 1;
    %jmp T_5.23;
T_5.22 ;
    %load/vec4 v0x6046bf11cea0_0;
    %cmpi/e 103, 0, 7;
    %jmp/0xz  T_5.24, 4;
    %load/vec4 v0x6046bf11c0e0_0;
    %load/vec4 v0x6046bf0db2f0_0;
    %add;
    %pushi/vec4 4294967294, 0, 32;
    %and;
    %store/vec4 v0x6046bf11cb40_0, 0, 32;
    %pushi/vec4 1, 0, 1;
    %store/vec4 v0x6046bf11bae0_0, 0, 1;
T_5.24 ;
T_5.23 ;
T_5.1 ;
    %jmp T_5;
    .thread T_5, $push;
    .scope S_0x6046bf0d5770;
T_6 ;
    %wait E_0x6046bf0959a0;
    %pushi/vec4 0, 0, 32;
    %store/vec4 v0x6046bf11e6a0_0, 0, 32;
    %pushi/vec4 0, 0, 32;
    %store/vec4 v0x6046bf11ca60_0, 0, 32;
    %pushi/vec4 0, 0, 2;
    %store/vec4 v0x6046bf11b500_0, 0, 2;
    %pushi/vec4 0, 0, 4;
    %store/vec4 v0x6046bf11b860_0, 0, 4;
    %pushi/vec4 0, 0, 32;
    %store/vec4 v0x6046bf11b6a0_0, 0, 32;
    %pushi/vec4 0, 0, 32;
    %store/vec4 v0x6046bf11b940_0, 0, 32;
    %pushi/vec4 0, 0, 1;
    %store/vec4 v0x6046bf11ba20_0, 0, 1;
    %load/vec4 v0x6046bf11cdc0_0;
    %cmpi/e 35, 0, 7;
    %flag_get/vec4 4;
    %jmp/0 T_6.2, 4;
    %load/vec4 v0x6046bf11bc80_0;
    %pushi/vec4 0, 0, 3;
    %cmp/e;
    %flag_get/vec4 4;
    %and;
T_6.2;
    %flag_set/vec4 8;
    %jmp/0xz  T_6.0, 8;
    %pushi/vec4 1, 0, 1;
    %store/vec4 v0x6046bf11ba20_0, 0, 1;
    %load/vec4 v0x6046bf0db390_0;
    %pushi/vec4 4294967292, 0, 32;
    %and;
    %store/vec4 v0x6046bf11b6a0_0, 0, 32;
    %pushi/vec4 1, 0, 4;
    %load/vec4 v0x6046bf0db390_0;
    %parti/s 2, 0, 2;
    %ix/vec4 4;
    %shiftl 4;
    %store/vec4 v0x6046bf11b860_0, 0, 4;
    %load/vec4 v0x6046bf118250_0;
    %load/vec4 v0x6046bf0db390_0;
    %parti/s 2, 0, 2;
    %pad/u 32;
    %muli 8, 0, 32;
    %ix/vec4 4;
    %shiftl 4;
    %store/vec4 v0x6046bf11b940_0, 0, 32;
    %jmp T_6.1;
T_6.0 ;
    %load/vec4 v0x6046bf11cdc0_0;
    %cmpi/e 35, 0, 7;
    %flag_get/vec4 4;
    %jmp/0 T_6.5, 4;
    %load/vec4 v0x6046bf11bc80_0;
    %pushi/vec4 1, 0, 3;
    %cmp/e;
    %flag_get/vec4 4;
    %and;
T_6.5;
    %flag_set/vec4 8;
    %jmp/0xz  T_6.3, 8;
    %pushi/vec4 1, 0, 1;
    %store/vec4 v0x6046bf11ba20_0, 0, 1;
    %load/vec4 v0x6046bf0db390_0;
    %pushi/vec4 4294967292, 0, 32;
    %and;
    %store/vec4 v0x6046bf11b6a0_0, 0, 32;
    %pushi/vec4 3, 0, 4;
    %load/vec4 v0x6046bf0db390_0;
    %parti/s 2, 0, 2;
    %ix/vec4 4;
    %shiftl 4;
    %store/vec4 v0x6046bf11b860_0, 0, 4;
    %load/vec4 v0x6046bf118250_0;
    %load/vec4 v0x6046bf0db390_0;
    %parti/s 2, 0, 2;
    %pad/u 32;
    %muli 8, 0, 32;
    %ix/vec4 4;
    %shiftl 4;
    %store/vec4 v0x6046bf11b940_0, 0, 32;
    %jmp T_6.4;
T_6.3 ;
    %load/vec4 v0x6046bf11cdc0_0;
    %cmpi/e 35, 0, 7;
    %flag_get/vec4 4;
    %jmp/0 T_6.8, 4;
    %load/vec4 v0x6046bf11bc80_0;
    %pushi/vec4 2, 0, 3;
    %cmp/e;
    %flag_get/vec4 4;
    %and;
T_6.8;
    %flag_set/vec4 8;
    %jmp/0xz  T_6.6, 8;
    %pushi/vec4 1, 0, 1;
    %store/vec4 v0x6046bf11ba20_0, 0, 1;
    %load/vec4 v0x6046bf0db390_0;
    %store/vec4 v0x6046bf11b6a0_0, 0, 32;
    %pushi/vec4 15, 0, 4;
    %store/vec4 v0x6046bf11b860_0, 0, 4;
    %load/vec4 v0x6046bf118250_0;
    %store/vec4 v0x6046bf11b940_0, 0, 32;
T_6.6 ;
T_6.4 ;
T_6.1 ;
    %load/vec4 v0x6046bf11cdc0_0;
    %cmpi/e 3, 0, 7;
    %jmp/0xz  T_6.9, 4;
    %load/vec4 v0x6046bf0db390_0;
    %store/vec4 v0x6046bf11ca60_0, 0, 32;
    %load/vec4 v0x6046bf11ca60_0;
    %parti/s 2, 0, 2;
    %store/vec4 v0x6046bf11b500_0, 0, 2;
    %pushi/vec4 15, 0, 4;
    %store/vec4 v0x6046bf11b860_0, 0, 4;
    %load/vec4 v0x6046bf0db390_0;
    %pushi/vec4 4294967292, 0, 32;
    %and;
    %store/vec4 v0x6046bf11b6a0_0, 0, 32;
    %load/vec4 v0x6046bf11b500_0;
    %cmpi/e 0, 0, 2;
    %jmp/0xz  T_6.11, 4;
    %load/vec4 v0x6046bf11b780_0;
    %store/vec4 v0x6046bf11e6a0_0, 0, 32;
    %jmp T_6.12;
T_6.11 ;
    %load/vec4 v0x6046bf11b500_0;
    %cmpi/e 1, 0, 2;
    %jmp/0xz  T_6.13, 4;
    %load/vec4 v0x6046bf11b780_0;
    %ix/load 4, 8, 0;
    %flag_set/imm 4, 0;
    %shiftr 4;
    %store/vec4 v0x6046bf11e6a0_0, 0, 32;
    %jmp T_6.14;
T_6.13 ;
    %load/vec4 v0x6046bf11b500_0;
    %cmpi/e 2, 0, 2;
    %jmp/0xz  T_6.15, 4;
    %load/vec4 v0x6046bf11b780_0;
    %ix/load 4, 16, 0;
    %flag_set/imm 4, 0;
    %shiftr 4;
    %store/vec4 v0x6046bf11e6a0_0, 0, 32;
    %jmp T_6.16;
T_6.15 ;
    %load/vec4 v0x6046bf11b500_0;
    %cmpi/e 3, 0, 2;
    %jmp/0xz  T_6.17, 4;
    %load/vec4 v0x6046bf11b780_0;
    %ix/load 4, 24, 0;
    %flag_set/imm 4, 0;
    %shiftr 4;
    %store/vec4 v0x6046bf11e6a0_0, 0, 32;
T_6.17 ;
T_6.16 ;
T_6.14 ;
T_6.12 ;
T_6.9 ;
    %jmp T_6;
    .thread T_6, $push;
    .scope S_0x6046bf0d5770;
T_7 ;
    %wait E_0x6046bf093d30;
    %pushi/vec4 0, 0, 1;
    %store/vec4 v0x6046bf11eb60_0, 0, 1;
    %pushi/vec4 0, 0, 32;
    %store/vec4 v0x6046bf11e840_0, 0, 32;
    %load/vec4 v0x6046bf11d920_0;
    %store/vec4 v0x6046bf11da00_0, 0, 5;
    %load/vec4 v0x6046bf11d060_0;
    %cmpi/e 51, 0, 7;
    %jmp/0xz  T_7.0, 4;
    %pushi/vec4 1, 0, 1;
    %store/vec4 v0x6046bf11eb60_0, 0, 1;
    %load/vec4 v0x6046bf0d6b70_0;
    %store/vec4 v0x6046bf11e840_0, 0, 32;
T_7.0 ;
    %load/vec4 v0x6046bf11d060_0;
    %cmpi/e 19, 0, 7;
    %jmp/0xz  T_7.2, 4;
    %pushi/vec4 1, 0, 1;
    %store/vec4 v0x6046bf11eb60_0, 0, 1;
    %load/vec4 v0x6046bf0d6b70_0;
    %store/vec4 v0x6046bf11e840_0, 0, 32;
T_7.2 ;
    %load/vec4 v0x6046bf11d060_0;
    %cmpi/e 3, 0, 7;
    %jmp/0xz  T_7.4, 4;
    %pushi/vec4 1, 0, 1;
    %store/vec4 v0x6046bf11eb60_0, 0, 1;
    %load/vec4 v0x6046bf11be40_0;
    %cmpi/e 0, 0, 3;
    %flag_get/vec4 4;
    %jmp/0 T_7.8, 4;
    %load/vec4 v0x6046bf118330_0;
    %parti/s 1, 7, 4;
    %pushi/vec4 0, 0, 1;
    %cmp/e;
    %flag_get/vec4 4;
    %and;
T_7.8;
    %flag_set/vec4 8;
    %jmp/0xz  T_7.6, 8;
    %pushi/vec4 0, 0, 24;
    %load/vec4 v0x6046bf118330_0;
    %parti/s 8, 0, 2;
    %concat/vec4; draw_concat_vec4
    %store/vec4 v0x6046bf11e840_0, 0, 32;
    %jmp T_7.7;
T_7.6 ;
    %load/vec4 v0x6046bf11be40_0;
    %cmpi/e 0, 0, 3;
    %flag_get/vec4 4;
    %jmp/0 T_7.11, 4;
    %load/vec4 v0x6046bf118330_0;
    %parti/s 1, 7, 4;
    %pushi/vec4 1, 0, 1;
    %cmp/e;
    %flag_get/vec4 4;
    %and;
T_7.11;
    %flag_set/vec4 8;
    %jmp/0xz  T_7.9, 8;
    %pushi/vec4 16777215, 0, 24;
    %load/vec4 v0x6046bf118330_0;
    %parti/s 8, 0, 2;
    %concat/vec4; draw_concat_vec4
    %store/vec4 v0x6046bf11e840_0, 0, 32;
    %jmp T_7.10;
T_7.9 ;
    %load/vec4 v0x6046bf11be40_0;
    %cmpi/e 4, 0, 3;
    %jmp/0xz  T_7.12, 4;
    %pushi/vec4 0, 0, 24;
    %load/vec4 v0x6046bf118330_0;
    %parti/s 8, 0, 2;
    %concat/vec4; draw_concat_vec4
    %store/vec4 v0x6046bf11e840_0, 0, 32;
    %jmp T_7.13;
T_7.12 ;
    %load/vec4 v0x6046bf11be40_0;
    %cmpi/e 1, 0, 3;
    %flag_get/vec4 4;
    %jmp/0 T_7.16, 4;
    %load/vec4 v0x6046bf118330_0;
    %parti/s 1, 15, 5;
    %pushi/vec4 0, 0, 1;
    %cmp/e;
    %flag_get/vec4 4;
    %and;
T_7.16;
    %flag_set/vec4 8;
    %jmp/0xz  T_7.14, 8;
    %pushi/vec4 0, 0, 16;
    %load/vec4 v0x6046bf118330_0;
    %parti/s 16, 0, 2;
    %concat/vec4; draw_concat_vec4
    %store/vec4 v0x6046bf11e840_0, 0, 32;
    %jmp T_7.15;
T_7.14 ;
    %load/vec4 v0x6046bf11be40_0;
    %cmpi/e 1, 0, 3;
    %flag_get/vec4 4;
    %jmp/0 T_7.19, 4;
    %load/vec4 v0x6046bf118330_0;
    %parti/s 1, 15, 5;
    %pushi/vec4 1, 0, 1;
    %cmp/e;
    %flag_get/vec4 4;
    %and;
T_7.19;
    %flag_set/vec4 8;
    %jmp/0xz  T_7.17, 8;
    %pushi/vec4 65535, 0, 16;
    %load/vec4 v0x6046bf118330_0;
    %parti/s 16, 0, 2;
    %concat/vec4; draw_concat_vec4
    %store/vec4 v0x6046bf11e840_0, 0, 32;
    %jmp T_7.18;
T_7.17 ;
    %load/vec4 v0x6046bf11be40_0;
    %cmpi/e 5, 0, 3;
    %jmp/0xz  T_7.20, 4;
    %pushi/vec4 0, 0, 16;
    %load/vec4 v0x6046bf118330_0;
    %parti/s 16, 0, 2;
    %concat/vec4; draw_concat_vec4
    %store/vec4 v0x6046bf11e840_0, 0, 32;
    %jmp T_7.21;
T_7.20 ;
    %load/vec4 v0x6046bf11be40_0;
    %cmpi/e 2, 0, 3;
    %jmp/0xz  T_7.22, 4;
    %load/vec4 v0x6046bf118330_0;
    %store/vec4 v0x6046bf11e840_0, 0, 32;
T_7.22 ;
T_7.21 ;
T_7.18 ;
T_7.15 ;
T_7.13 ;
T_7.10 ;
T_7.7 ;
T_7.4 ;
    %load/vec4 v0x6046bf11d060_0;
    %cmpi/e 55, 0, 7;
    %jmp/0xz  T_7.24, 4;
    %pushi/vec4 1, 0, 1;
    %store/vec4 v0x6046bf11eb60_0, 0, 1;
    %load/vec4 v0x6046bf0d6b70_0;
    %store/vec4 v0x6046bf11e840_0, 0, 32;
T_7.24 ;
    %load/vec4 v0x6046bf11d060_0;
    %cmpi/e 23, 0, 7;
    %jmp/0xz  T_7.26, 4;
    %pushi/vec4 1, 0, 1;
    %store/vec4 v0x6046bf11eb60_0, 0, 1;
    %load/vec4 v0x6046bf0d6b70_0;
    %store/vec4 v0x6046bf11e840_0, 0, 32;
T_7.26 ;
    %load/vec4 v0x6046bf11d060_0;
    %cmpi/e 111, 0, 7;
    %jmp/0xz  T_7.28, 4;
    %pushi/vec4 1, 0, 1;
    %store/vec4 v0x6046bf11eb60_0, 0, 1;
    %load/vec4 v0x6046bf0d6b70_0;
    %store/vec4 v0x6046bf11e840_0, 0, 32;
T_7.28 ;
    %load/vec4 v0x6046bf11d060_0;
    %cmpi/e 103, 0, 7;
    %jmp/0xz  T_7.30, 4;
    %pushi/vec4 1, 0, 1;
    %store/vec4 v0x6046bf11eb60_0, 0, 1;
    %load/vec4 v0x6046bf0d6b70_0;
    %store/vec4 v0x6046bf11e840_0, 0, 32;
T_7.30 ;
    %jmp T_7;
    .thread T_7, $push;
    .scope S_0x6046bf0d5770;
T_8 ;
    %wait E_0x6046bf095440;
    %load/vec4 v0x6046bf11cc20_0;
    %nor/r;
    %flag_set/vec4 8;
    %jmp/0xz  T_8.0, 8;
    %pushi/vec4 0, 0, 32;
    %assign/vec4 v0x6046bf0d6c70_0, 0;
    %pushi/vec4 0, 0, 32;
    %assign/vec4 v0x6046bf117fb0_0, 0;
    %pushi/vec4 0, 0, 32;
    %assign/vec4 v0x6046bf118090_0, 0;
    %pushi/vec4 0, 0, 32;
    %assign/vec4 v0x6046bf118170_0, 0;
    %pushi/vec4 0, 0, 32;
    %assign/vec4 v0x6046bf0db2f0_0, 0;
    %pushi/vec4 0, 0, 32;
    %assign/vec4 v0x6046bf117df0_0, 0;
    %pushi/vec4 0, 0, 7;
    %assign/vec4 v0x6046bf11cea0_0, 0;
    %pushi/vec4 0, 0, 5;
    %assign/vec4 v0x6046bf11d840_0, 0;
    %pushi/vec4 0, 0, 5;
    %assign/vec4 v0x6046bf11e240_0, 0;
    %pushi/vec4 0, 0, 5;
    %assign/vec4 v0x6046bf11e400_0, 0;
    %pushi/vec4 0, 0, 3;
    %assign/vec4 v0x6046bf11bd60_0, 0;
    %pushi/vec4 0, 0, 7;
    %assign/vec4 v0x6046bf11c000_0, 0;
    %pushi/vec4 0, 0, 1;
    %assign/vec4 v0x6046bf11e9e0_0, 0;
    %pushi/vec4 0, 0, 32;
    %assign/vec4 v0x6046bf0db390_0, 0;
    %pushi/vec4 0, 0, 32;
    %assign/vec4 v0x6046bf118250_0, 0;
    %pushi/vec4 0, 0, 32;
    %assign/vec4 v0x6046bf117cc0_0, 0;
    %pushi/vec4 0, 0, 7;
    %assign/vec4 v0x6046bf11cdc0_0, 0;
    %pushi/vec4 0, 0, 5;
    %assign/vec4 v0x6046bf11d760_0, 0;
    %pushi/vec4 0, 0, 3;
    %assign/vec4 v0x6046bf11bc80_0, 0;
    %pushi/vec4 0, 0, 1;
    %assign/vec4 v0x6046bf11e920_0, 0;
    %pushi/vec4 0, 0, 32;
    %assign/vec4 v0x6046bf0d6b70_0, 0;
    %pushi/vec4 0, 0, 32;
    %assign/vec4 v0x6046bf118330_0, 0;
    %pushi/vec4 0, 0, 32;
    %assign/vec4 v0x6046bf117ed0_0, 0;
    %pushi/vec4 0, 0, 7;
    %assign/vec4 v0x6046bf11d060_0, 0;
    %pushi/vec4 0, 0, 5;
    %assign/vec4 v0x6046bf11d920_0, 0;
    %pushi/vec4 0, 0, 3;
    %assign/vec4 v0x6046bf11be40_0, 0;
    %pushi/vec4 0, 0, 1;
    %assign/vec4 v0x6046bf11eaa0_0, 0;
    %jmp T_8.1;
T_8.0 ;
    %load/vec4 v0x6046bf11bae0_0;
    %flag_set/vec4 8;
    %jmp/0xz  T_8.2, 8;
    %pushi/vec4 0, 0, 32;
    %assign/vec4 v0x6046bf0d6c70_0, 0;
    %pushi/vec4 0, 0, 32;
    %assign/vec4 v0x6046bf117fb0_0, 0;
    %jmp T_8.3;
T_8.2 ;
    %load/vec4 v0x6046bf11e780_0;
    %nor/r;
    %flag_set/vec4 8;
    %jmp/0xz  T_8.4, 8;
    %load/vec4 v0x6046bf11c8a0_0;
    %assign/vec4 v0x6046bf0d6c70_0, 0;
    %load/vec4 v0x6046bf11d140_0;
    %assign/vec4 v0x6046bf117fb0_0, 0;
T_8.4 ;
T_8.3 ;
    %load/vec4 v0x6046bf11e780_0;
    %flag_set/vec4 8;
    %jmp/1 T_8.8, 8;
    %load/vec4 v0x6046bf11bae0_0;
    %flag_set/vec4 9;
    %flag_or 8, 9;
T_8.8;
    %jmp/0xz  T_8.6, 8;
    %pushi/vec4 0, 0, 32;
    %assign/vec4 v0x6046bf118090_0, 0;
    %pushi/vec4 0, 0, 32;
    %assign/vec4 v0x6046bf118170_0, 0;
    %pushi/vec4 0, 0, 32;
    %assign/vec4 v0x6046bf0db2f0_0, 0;
    %pushi/vec4 0, 0, 32;
    %assign/vec4 v0x6046bf117df0_0, 0;
    %pushi/vec4 0, 0, 7;
    %assign/vec4 v0x6046bf11cea0_0, 0;
    %pushi/vec4 0, 0, 5;
    %assign/vec4 v0x6046bf11d840_0, 0;
    %pushi/vec4 0, 0, 5;
    %assign/vec4 v0x6046bf11e240_0, 0;
    %pushi/vec4 0, 0, 5;
    %assign/vec4 v0x6046bf11e400_0, 0;
    %pushi/vec4 0, 0, 3;
    %assign/vec4 v0x6046bf11bd60_0, 0;
    %pushi/vec4 0, 0, 7;
    %assign/vec4 v0x6046bf11c000_0, 0;
    %pushi/vec4 0, 0, 1;
    %assign/vec4 v0x6046bf11e9e0_0, 0;
    %jmp T_8.7;
T_8.6 ;
    %load/vec4 v0x6046bf11dfa0_0;
    %assign/vec4 v0x6046bf118090_0, 0;
    %load/vec4 v0x6046bf11e080_0;
    %assign/vec4 v0x6046bf118170_0, 0;
    %load/vec4 v0x6046bf117fb0_0;
    %assign/vec4 v0x6046bf117df0_0, 0;
    %load/vec4 v0x6046bf11cce0_0;
    %assign/vec4 v0x6046bf11cea0_0, 0;
    %load/vec4 v0x6046bf11d680_0;
    %assign/vec4 v0x6046bf11d840_0, 0;
    %load/vec4 v0x6046bf11e160_0;
    %assign/vec4 v0x6046bf11e240_0, 0;
    %load/vec4 v0x6046bf11e320_0;
    %assign/vec4 v0x6046bf11e400_0, 0;
    %load/vec4 v0x6046bf11bba0_0;
    %assign/vec4 v0x6046bf11bd60_0, 0;
    %load/vec4 v0x6046bf11bf20_0;
    %assign/vec4 v0x6046bf11c000_0, 0;
    %load/vec4 v0x6046bf11c380_0;
    %assign/vec4 v0x6046bf11e9e0_0, 0;
    %load/vec4 v0x6046bf11cce0_0;
    %cmpi/e 35, 0, 7;
    %jmp/0xz  T_8.9, 4;
    %load/vec4 v0x6046bf11c6e0_0;
    %assign/vec4 v0x6046bf0db2f0_0, 0;
    %jmp T_8.10;
T_8.9 ;
    %load/vec4 v0x6046bf11cce0_0;
    %cmpi/e 99, 0, 7;
    %jmp/0xz  T_8.11, 4;
    %load/vec4 v0x6046bf11c440_0;
    %assign/vec4 v0x6046bf0db2f0_0, 0;
    %jmp T_8.12;
T_8.11 ;
    %load/vec4 v0x6046bf11cce0_0;
    %cmpi/e 55, 0, 7;
    %jmp/1 T_8.15, 4;
    %flag_mov 8, 4;
    %load/vec4 v0x6046bf11cce0_0;
    %cmpi/e 23, 0, 7;
    %flag_or 4, 8;
T_8.15;
    %jmp/0xz  T_8.13, 4;
    %load/vec4 v0x6046bf11c7c0_0;
    %assign/vec4 v0x6046bf0db2f0_0, 0;
    %jmp T_8.14;
T_8.13 ;
    %load/vec4 v0x6046bf11cce0_0;
    %cmpi/e 111, 0, 7;
    %jmp/0xz  T_8.16, 4;
    %load/vec4 v0x6046bf11c600_0;
    %assign/vec4 v0x6046bf0db2f0_0, 0;
    %jmp T_8.17;
T_8.16 ;
    %load/vec4 v0x6046bf11c520_0;
    %assign/vec4 v0x6046bf0db2f0_0, 0;
T_8.17 ;
T_8.14 ;
T_8.12 ;
T_8.10 ;
T_8.7 ;
    %load/vec4 v0x6046bf11af50_0;
    %assign/vec4 v0x6046bf0db390_0, 0;
    %load/vec4 v0x6046bf11c1c0_0;
    %assign/vec4 v0x6046bf118250_0, 0;
    %load/vec4 v0x6046bf117df0_0;
    %assign/vec4 v0x6046bf117cc0_0, 0;
    %load/vec4 v0x6046bf11cea0_0;
    %assign/vec4 v0x6046bf11cdc0_0, 0;
    %load/vec4 v0x6046bf11d840_0;
    %assign/vec4 v0x6046bf11d760_0, 0;
    %load/vec4 v0x6046bf11bd60_0;
    %assign/vec4 v0x6046bf11bc80_0, 0;
    %load/vec4 v0x6046bf11e9e0_0;
    %assign/vec4 v0x6046bf11e920_0, 0;
    %load/vec4 v0x6046bf0db390_0;
    %assign/vec4 v0x6046bf0d6b70_0, 0;
    %load/vec4 v0x6046bf11e6a0_0;
    %assign/vec4 v0x6046bf118330_0, 0;
    %load/vec4 v0x6046bf117cc0_0;
    %assign/vec4 v0x6046bf117ed0_0, 0;
    %load/vec4 v0x6046bf11cdc0_0;
    %assign/vec4 v0x6046bf11d060_0, 0;
    %load/vec4 v0x6046bf11d760_0;
    %assign/vec4 v0x6046bf11d920_0, 0;
    %load/vec4 v0x6046bf11bc80_0;
    %assign/vec4 v0x6046bf11be40_0, 0;
    %load/vec4 v0x6046bf11e920_0;
    %assign/vec4 v0x6046bf11eaa0_0, 0;
T_8.1 ;
    %jmp T_8;
    .thread T_8;
    .scope S_0x6046bf06cd60;
T_9 ;
    %vpi_call 2 36 "$readmemh", "instmem.txt", v0x6046bf11eec0 {0 0 0};
    %end;
    .thread T_9;
    .scope S_0x6046bf06cd60;
T_10 ;
    %vpi_call 2 50 "$readmemh", "datamem.txt", v0x6046bf11ede0 {0 0 0};
    %end;
    .thread T_10;
    .scope S_0x6046bf06cd60;
T_11 ;
    %wait E_0x6046bf0899d0;
    %load/vec4 v0x6046bf120460_0;
    %flag_set/vec4 8;
    %jmp/0xz  T_11.0, 8;
    %load/vec4 v0x6046bf120840_0;
    %parti/s 1, 0, 2;
    %flag_set/vec4 8;
    %jmp/0xz  T_11.2, 8;
    %load/vec4 v0x6046bf120910_0;
    %parti/s 8, 0, 2;
    %ix/getv 3, v0x6046bf1203a0_0;
    %ix/load 4, 0, 0; Constant delay
    %assign/vec4/a/d v0x6046bf11ede0, 0, 4;
T_11.2 ;
    %load/vec4 v0x6046bf120840_0;
    %parti/s 1, 1, 2;
    %flag_set/vec4 8;
    %jmp/0xz  T_11.4, 8;
    %load/vec4 v0x6046bf120910_0;
    %parti/s 8, 8, 5;
    %load/vec4 v0x6046bf1203a0_0;
    %addi 1, 0, 32;
    %ix/vec4 3;
    %ix/load 4, 0, 0; Constant delay
    %assign/vec4/a/d v0x6046bf11ede0, 0, 4;
T_11.4 ;
    %load/vec4 v0x6046bf120840_0;
    %parti/s 1, 2, 3;
    %flag_set/vec4 8;
    %jmp/0xz  T_11.6, 8;
    %load/vec4 v0x6046bf120910_0;
    %parti/s 8, 16, 6;
    %load/vec4 v0x6046bf1203a0_0;
    %addi 2, 0, 32;
    %ix/vec4 3;
    %ix/load 4, 0, 0; Constant delay
    %assign/vec4/a/d v0x6046bf11ede0, 0, 4;
T_11.6 ;
    %load/vec4 v0x6046bf120840_0;
    %parti/s 1, 3, 3;
    %flag_set/vec4 8;
    %jmp/0xz  T_11.8, 8;
    %load/vec4 v0x6046bf120910_0;
    %parti/s 8, 24, 6;
    %load/vec4 v0x6046bf1203a0_0;
    %addi 3, 0, 32;
    %ix/vec4 3;
    %ix/load 4, 0, 0; Constant delay
    %assign/vec4/a/d v0x6046bf11ede0, 0, 4;
T_11.8 ;
T_11.0 ;
    %jmp T_11;
    .thread T_11;
    .scope S_0x6046bf06cd60;
T_12 ;
    %delay 10000, 0;
    %load/vec4 v0x6046bf120260_0;
    %inv;
    %store/vec4 v0x6046bf120260_0, 0, 1;
    %jmp T_12;
    .thread T_12;
    .scope S_0x6046bf06cd60;
T_13 ;
    %vpi_call 2 108 "$dumpfile", "tb_pipelined_riscv.vcd" {0 0 0};
    %vpi_call 2 110 "$dumpvars", 32'sb00000000000000000000000000000000, S_0x6046bf06cd60 {0 0 0};
    %pushi/vec4 0, 0, 1;
    %store/vec4 v0x6046bf120260_0, 0, 1;
    %pushi/vec4 0, 0, 1;
    %store/vec4 v0x6046bf120700_0, 0, 1;
    %delay 200000, 0;
    %pushi/vec4 1, 0, 1;
    %store/vec4 v0x6046bf120700_0, 0, 1;
    %delay 200000000, 0;
    %vpi_call 2 121 "$writememh", "datamem_out.txt", v0x6046bf11ede0 {0 0 0};
    %vpi_call 2 123 "$readmemh", "datamem_answer.txt", v0x6046bf120300 {0 0 0};
    %pushi/vec4 0, 0, 32;
    %store/vec4 v0x6046bf120500_0, 0, 32;
T_13.0 ;
    %load/vec4 v0x6046bf120500_0;
    %cmpi/s 1024, 0, 32;
    %jmp/0xz T_13.1, 5;
    %load/vec4 v0x6046bf120500_0;
    %muli 4, 0, 32;
    %addi 3, 0, 32;
    %ix/vec4/s 4;
    %load/vec4a v0x6046bf11ede0, 4;
    %load/vec4 v0x6046bf120500_0;
    %muli 4, 0, 32;
    %addi 2, 0, 32;
    %ix/vec4/s 4;
    %load/vec4a v0x6046bf11ede0, 4;
    %concat/vec4; draw_concat_vec4
    %load/vec4 v0x6046bf120500_0;
    %muli 4, 0, 32;
    %addi 1, 0, 32;
    %ix/vec4/s 4;
    %load/vec4a v0x6046bf11ede0, 4;
    %concat/vec4; draw_concat_vec4
    %load/vec4 v0x6046bf120500_0;
    %muli 4, 0, 32;
    %ix/vec4/s 4;
    %load/vec4a v0x6046bf11ede0, 4;
    %concat/vec4; draw_concat_vec4
    %ix/getv/s 4, v0x6046bf120500_0;
    %load/vec4a v0x6046bf120300, 4;
    %cmp/ne;
    %jmp/0xz  T_13.2, 6;
    %load/vec4 v0x6046bf120500_0;
    %addi 1, 0, 32;
    %load/vec4 v0x6046bf120500_0;
    %muli 4, 0, 32;
    %addi 3, 0, 32;
    %ix/vec4/s 4;
    %load/vec4a v0x6046bf11ede0, 4;
    %load/vec4 v0x6046bf120500_0;
    %muli 4, 0, 32;
    %addi 2, 0, 32;
    %ix/vec4/s 4;
    %load/vec4a v0x6046bf11ede0, 4;
    %concat/vec4; draw_concat_vec4
    %load/vec4 v0x6046bf120500_0;
    %muli 4, 0, 32;
    %addi 1, 0, 32;
    %ix/vec4/s 4;
    %load/vec4a v0x6046bf11ede0, 4;
    %concat/vec4; draw_concat_vec4
    %load/vec4 v0x6046bf120500_0;
    %muli 4, 0, 32;
    %ix/vec4/s 4;
    %load/vec4a v0x6046bf11ede0, 4;
    %concat/vec4; draw_concat_vec4
    %vpi_call 2 127 "$display", "Mismatch at word %0d | expected=%h got=%h", S<1,vec4,s32>, &A<v0x6046bf120300, v0x6046bf120500_0 >, S<0,vec4,u32> {2 0 0};
T_13.2 ;
    %load/vec4 v0x6046bf120500_0;
    %addi 1, 0, 32;
    %store/vec4 v0x6046bf120500_0, 0, 32;
    %jmp T_13.0;
T_13.1 ;
    %vpi_call 2 136 "$finish" {0 0 0};
    %end;
    .thread T_13;
# The file index is used to find the file name in the following table.
:file_names 4;
    "N/A";
    "<interactive>";
    "tb_pipelined_riscv.v";
    "../rtl/pipelined_riscv_hazard.v";
